<?xml version="1.0" encoding="utf-8"?>
<TestRun id="8eba3f90-ab56-4da5-8ea4-643049f71c11" name="LeviAlves@ZITEC0029 2025-07-28 13:33:01" runUser="AzureAD\LeviAlves" xmlns="http://microsoft.com/schemas/VisualStudio/TeamTest/2010">
  <Times creation="2025-07-28T13:33:01.0504766-03:00" queuing="2025-07-28T13:33:01.0504769-03:00" start="2025-07-28T13:32:40.3521294-03:00" finish="2025-07-28T13:33:35.1202674-03:00" />
  <TestSettings name="default" id="62e4f0a0-f42b-406c-9f4b-cb12220ddeec">
    <Deployment runDeploymentRoot="LeviAlves_ZITEC0029_2025-07-28_13_33_01" />
  </TestSettings>
  <Results>
    <UnitTestResult executionId="41b81122-ed05-4819-9e58-7568a1d9cfe4" testId="18804268-1f0d-999f-fc34-38a3a3195d74" testName="deveRealizarLoginComSucessoNivelGestora" computerName="ZITEC0029" duration="00:00:03.3594720" startTime="2025-07-28T13:33:11.8600334-03:00" endTime="2025-07-28T13:33:15.2195047-03:00" testType="13cdc9d9-ddb5-4fa4-a97d-d965ccfc6d4b" outcome="Passed" testListId="8c84fa94-04c1-424b-9868-57a2d4851a1d" relativeResultsDirectory="41b81122-ed05-4819-9e58-7568a1d9cfe4" />
    <UnitTestResult executionId="c6f16e82-c9c1-454d-ae3c-eca351fdaa34" testId="41e689cf-b25d-5121-5e78-25f3dc672610" testName="naoDeveRealizarLoginComSenhaInvalidaNivelConsultoria" computerName="ZITEC0029" duration="00:00:03.6088040" startTime="2025-07-28T13:33:08.2511961-03:00" endTime="2025-07-28T13:33:11.8599988-03:00" testType="13cdc9d9-ddb5-4fa4-a97d-d965ccfc6d4b" outcome="Passed" testListId="8c84fa94-04c1-424b-9868-57a2d4851a1d" relativeResultsDirectory="c6f16e82-c9c1-454d-ae3c-eca351fdaa34" />
    <UnitTestResult executionId="129ab06e-1629-48d8-a45f-bc45caafe302" testId="623420a3-27e4-d350-c56f-8ae62bbad798" testName="naoDeveConterAcentosQuebrados" computerName="ZITEC0029" duration="00:00:05.9525570" startTime="2025-07-28T13:32:57.0218838-03:00" endTime="2025-07-28T13:33:02.9744400-03:00" testType="13cdc9d9-ddb5-4fa4-a97d-d965ccfc6d4b" outcome="Passed" testListId="8c84fa94-04c1-424b-9868-57a2d4851a1d" relativeResultsDirectory="129ab06e-1629-48d8-a45f-bc45caafe302" />
    <UnitTestResult executionId="e8864c0f-5465-49cb-8d3b-357b6dcd760a" testId="7c03647b-0981-794e-241d-60163f467bb5" testName="deveEnviarArquivoBaixa" computerName="ZITEC0029" duration="00:00:06.0423650" startTime="2025-07-28T13:33:02.9745078-03:00" endTime="2025-07-28T13:33:09.0168720-03:00" testType="13cdc9d9-ddb5-4fa4-a97d-d965ccfc6d4b" outcome="Passed" testListId="8c84fa94-04c1-424b-9868-57a2d4851a1d" relativeResultsDirectory="e8864c0f-5465-49cb-8d3b-357b6dcd760a" />
    <UnitTestResult executionId="7e336248-c6b7-465b-a903-3eb3f5512790" testId="1aeecc5b-fb9d-07f3-9d2c-fd25ae40d93d" testName="deveRealizarLoginComSucessoNivelConsultoria" computerName="ZITEC0029" duration="00:00:03.4137820" startTime="2025-07-28T13:33:04.8373835-03:00" endTime="2025-07-28T13:33:08.2511645-03:00" testType="13cdc9d9-ddb5-4fa4-a97d-d965ccfc6d4b" outcome="Passed" testListId="8c84fa94-04c1-424b-9868-57a2d4851a1d" relativeResultsDirectory="7e336248-c6b7-465b-a903-3eb3f5512790" />
    <UnitTestResult executionId="4285b8dc-d959-48fe-8395-520357c6f993" testId="3dca55e2-85a4-ba6d-01f5-55221de554ef" testName="deveFazerDownloadRelatorioMovimentos" computerName="ZITEC0029" duration="00:00:09.6809320" startTime="2025-07-28T13:33:17.6041495-03:00" endTime="2025-07-28T13:33:27.2850810-03:00" testType="13cdc9d9-ddb5-4fa4-a97d-d965ccfc6d4b" outcome="Passed" testListId="8c84fa94-04c1-424b-9868-57a2d4851a1d" relativeResultsDirectory="4285b8dc-d959-48fe-8395-520357c6f993">
      <Output>
        <StdOut>✅ Arquivo foi baixado e validado com sucesso.&#xD;
\ud83d\uddd1️ Arquivo excluído após validação.</StdOut>
      </Output>
    </UnitTestResult>
    <UnitTestResult executionId="7a54224a-ac2f-4b1d-8183-d119d2093a43" testId="d89b770f-ccea-ab8e-4aa0-be6592079692" testName="naoDeveRealizarLoginComSenhaInvalidaNivelInterno" computerName="ZITEC0029" duration="00:00:03.8155500" startTime="2025-07-28T13:33:01.0217952-03:00" endTime="2025-07-28T13:33:04.8373449-03:00" testType="13cdc9d9-ddb5-4fa4-a97d-d965ccfc6d4b" outcome="Passed" testListId="8c84fa94-04c1-424b-9868-57a2d4851a1d" relativeResultsDirectory="7a54224a-ac2f-4b1d-8183-d119d2093a43" />
    <UnitTestResult executionId="33246cc4-f81c-4eaf-8a26-aa256b40ee59" testId="c0e2edda-ac5b-ed3a-02cb-51b5953bd4e0" testName="naoDeveRealizarLoginComSenhaInvalidaNivelDenver" computerName="ZITEC0029" duration="00:00:03.5076020" startTime="2025-07-28T13:33:22.6962174-03:00" endTime="2025-07-28T13:33:26.2038182-03:00" testType="13cdc9d9-ddb5-4fa4-a97d-d965ccfc6d4b" outcome="Passed" testListId="8c84fa94-04c1-424b-9868-57a2d4851a1d" relativeResultsDirectory="33246cc4-f81c-4eaf-8a26-aa256b40ee59" />
    <UnitTestResult executionId="cef2589a-84a5-4b4d-9e8c-f2328ed55a1b" testId="6b387292-9c23-8147-ffc4-2f5c7f11535d" testName="naoDeveRealizarLoginComSenhaInvalidaNivelGestora" computerName="ZITEC0029" duration="00:00:03.6744230" startTime="2025-07-28T13:33:15.2195465-03:00" endTime="2025-07-28T13:33:18.8939691-03:00" testType="13cdc9d9-ddb5-4fa4-a97d-d965ccfc6d4b" outcome="Passed" testListId="8c84fa94-04c1-424b-9868-57a2d4851a1d" relativeResultsDirectory="cef2589a-84a5-4b4d-9e8c-f2328ed55a1b" />
    <UnitTestResult executionId="eb8f86bc-dbbf-4865-afdc-2602d4c692ea" testId="5d6919dd-8d46-b435-e45b-f064a297b06e" testName="naoDeveConterAcentosQuebrados" computerName="ZITEC0029" duration="00:00:02.8043190" startTime="2025-07-28T13:33:26.2038706-03:00" endTime="2025-07-28T13:33:29.0081885-03:00" testType="13cdc9d9-ddb5-4fa4-a97d-d965ccfc6d4b" outcome="Passed" testListId="8c84fa94-04c1-424b-9868-57a2d4851a1d" relativeResultsDirectory="eb8f86bc-dbbf-4865-afdc-2602d4c692ea" />
    <UnitTestResult executionId="e67e1fc4-74cf-4376-a294-099bbfecb530" testId="f337e46b-979e-ad67-3e04-12046bef855e" testName="deveFazerDownloadRelatorioTitulos" computerName="ZITEC0029" duration="00:00:08.5871790" startTime="2025-07-28T13:33:09.0169377-03:00" endTime="2025-07-28T13:33:17.6041161-03:00" testType="13cdc9d9-ddb5-4fa4-a97d-d965ccfc6d4b" outcome="Passed" testListId="8c84fa94-04c1-424b-9868-57a2d4851a1d" relativeResultsDirectory="e67e1fc4-74cf-4376-a294-099bbfecb530">
      <Output>
        <StdOut>✅ Arquivo foi baixado e validado com sucesso.&#xD;
\ud83d\uddd1️ Arquivo excluído após validação.</StdOut>
      </Output>
    </UnitTestResult>
    <UnitTestResult executionId="96d0f596-34f3-4377-8909-1acfb3af6c19" testId="d25a4398-dae2-c5dc-6ee4-80e32fa0edea" testName="deveRealizarLoginComSucessoNivelInterno" computerName="ZITEC0029" duration="00:00:03.9989070" startTime="2025-07-28T13:32:57.0219624-03:00" endTime="2025-07-28T13:33:01.0208239-03:00" testType="13cdc9d9-ddb5-4fa4-a97d-d965ccfc6d4b" outcome="Passed" testListId="8c84fa94-04c1-424b-9868-57a2d4851a1d" relativeResultsDirectory="96d0f596-34f3-4377-8909-1acfb3af6c19" />
    <UnitTestResult executionId="fafefcd0-ce5f-4c8c-8b5a-7a822c6c1d4a" testId="17e1a3cf-48db-be55-414f-e40adf35a020" testName="deveRealizarLoginComSucessoNivelDenver" computerName="ZITEC0029" duration="00:00:03.8016650" startTime="2025-07-28T13:33:18.8945043-03:00" endTime="2025-07-28T13:33:22.6961685-03:00" testType="13cdc9d9-ddb5-4fa4-a97d-d965ccfc6d4b" outcome="Passed" testListId="8c84fa94-04c1-424b-9868-57a2d4851a1d" relativeResultsDirectory="fafefcd0-ce5f-4c8c-8b5a-7a822c6c1d4a" />
    <UnitTestResult executionId="d6e30158-aad2-4559-9022-aa1be5b0b9c9" testId="4fa02158-22da-c031-2887-9fef82b72e48" testName="deveFazerDownloadArquivoCNAB" computerName="ZITEC0029" duration="00:00:07.7875660" startTime="2025-07-28T13:33:27.2851134-03:00" endTime="2025-07-28T13:33:35.0726788-03:00" testType="13cdc9d9-ddb5-4fa4-a97d-d965ccfc6d4b" outcome="Passed" testListId="8c84fa94-04c1-424b-9868-57a2d4851a1d" relativeResultsDirectory="d6e30158-aad2-4559-9022-aa1be5b0b9c9">
      <Output>
        <StdOut>✅ Arquivo foi baixado e validado com sucesso.&#xD;
\ud83d\uddd1️ Arquivo excluído após validação.</StdOut>
      </Output>
    </UnitTestResult>
  </Results>
  <TestDefinitions>
    <UnitTest name="naoDeveConterAcentosQuebrados" storage="c:\users\levialves\projectslevi\zitecqa\portalidsftestes\bin\debug\net8.0\portalidsftestes.dll" id="5d6919dd-8d46-b435-e45b-f064a297b06e">
      <Execution id="eb8f86bc-dbbf-4865-afdc-2602d4c692ea" />
      <TestMethod codeBase="C:\Users\LeviAlves\projectsLevi\ZitecQA\PortalIDSFTestes\bin\Debug\net8.0\PortalIDSFTestes.dll" adapterTypeName="executor://nunit3testexecutor/" className="PortalIDSFTestes.testes.login.LoginTest" name="naoDeveConterAcentosQuebrados" />
    </UnitTest>
    <UnitTest name="deveFazerDownloadRelatorioMovimentos" storage="c:\users\levialves\projectslevi\zitecqa\portalidsftestes\bin\debug\net8.0\portalidsftestes.dll" id="3dca55e2-85a4-ba6d-01f5-55221de554ef">
      <Execution id="4285b8dc-d959-48fe-8395-520357c6f993" />
      <TestMethod codeBase="C:\Users\LeviAlves\projectsLevi\ZitecQA\PortalIDSFTestes\bin\Debug\net8.0\PortalIDSFTestes.dll" adapterTypeName="executor://nunit3testexecutor/" className="PortalIDSFTestes.testes.operacoes.ArquivosBaixaTest" name="deveFazerDownloadRelatorioMovimentos" />
    </UnitTest>
    <UnitTest name="naoDeveRealizarLoginComSenhaInvalidaNivelDenver" storage="c:\users\levialves\projectslevi\zitecqa\portalidsftestes\bin\debug\net8.0\portalidsftestes.dll" id="c0e2edda-ac5b-ed3a-02cb-51b5953bd4e0">
      <Execution id="33246cc4-f81c-4eaf-8a26-aa256b40ee59" />
      <TestMethod codeBase="C:\Users\LeviAlves\projectsLevi\ZitecQA\PortalIDSFTestes\bin\Debug\net8.0\PortalIDSFTestes.dll" adapterTypeName="executor://nunit3testexecutor/" className="PortalIDSFTestes.testes.login.LoginTest" name="naoDeveRealizarLoginComSenhaInvalidaNivelDenver" />
    </UnitTest>
    <UnitTest name="naoDeveConterAcentosQuebrados" storage="c:\users\levialves\projectslevi\zitecqa\portalidsftestes\bin\debug\net8.0\portalidsftestes.dll" id="623420a3-27e4-d350-c56f-8ae62bbad798">
      <Execution id="129ab06e-1629-48d8-a45f-bc45caafe302" />
      <TestMethod codeBase="C:\Users\LeviAlves\projectsLevi\ZitecQA\PortalIDSFTestes\bin\Debug\net8.0\PortalIDSFTestes.dll" adapterTypeName="executor://nunit3testexecutor/" className="PortalIDSFTestes.testes.operacoes.ArquivosBaixaTest" name="naoDeveConterAcentosQuebrados" />
    </UnitTest>
    <UnitTest name="deveRealizarLoginComSucessoNivelGestora" storage="c:\users\levialves\projectslevi\zitecqa\portalidsftestes\bin\debug\net8.0\portalidsftestes.dll" id="18804268-1f0d-999f-fc34-38a3a3195d74">
      <Execution id="41b81122-ed05-4819-9e58-7568a1d9cfe4" />
      <TestMethod codeBase="C:\Users\LeviAlves\projectsLevi\ZitecQA\PortalIDSFTestes\bin\Debug\net8.0\PortalIDSFTestes.dll" adapterTypeName="executor://nunit3testexecutor/" className="PortalIDSFTestes.testes.login.LoginTest" name="deveRealizarLoginComSucessoNivelGestora" />
    </UnitTest>
    <UnitTest name="deveRealizarLoginComSucessoNivelConsultoria" storage="c:\users\levialves\projectslevi\zitecqa\portalidsftestes\bin\debug\net8.0\portalidsftestes.dll" id="1aeecc5b-fb9d-07f3-9d2c-fd25ae40d93d">
      <Execution id="7e336248-c6b7-465b-a903-3eb3f5512790" />
      <TestMethod codeBase="C:\Users\LeviAlves\projectsLevi\ZitecQA\PortalIDSFTestes\bin\Debug\net8.0\PortalIDSFTestes.dll" adapterTypeName="executor://nunit3testexecutor/" className="PortalIDSFTestes.testes.login.LoginTest" name="deveRealizarLoginComSucessoNivelConsultoria" />
    </UnitTest>
    <UnitTest name="deveFazerDownloadRelatorioTitulos" storage="c:\users\levialves\projectslevi\zitecqa\portalidsftestes\bin\debug\net8.0\portalidsftestes.dll" id="f337e46b-979e-ad67-3e04-12046bef855e">
      <Execution id="e67e1fc4-74cf-4376-a294-099bbfecb530" />
      <TestMethod codeBase="C:\Users\LeviAlves\projectsLevi\ZitecQA\PortalIDSFTestes\bin\Debug\net8.0\PortalIDSFTestes.dll" adapterTypeName="executor://nunit3testexecutor/" className="PortalIDSFTestes.testes.operacoes.ArquivosBaixaTest" name="deveFazerDownloadRelatorioTitulos" />
    </UnitTest>
    <UnitTest name="deveEnviarArquivoBaixa" storage="c:\users\levialves\projectslevi\zitecqa\portalidsftestes\bin\debug\net8.0\portalidsftestes.dll" id="7c03647b-0981-794e-241d-60163f467bb5">
      <Execution id="e8864c0f-5465-49cb-8d3b-357b6dcd760a" />
      <TestMethod codeBase="C:\Users\LeviAlves\projectsLevi\ZitecQA\PortalIDSFTestes\bin\Debug\net8.0\PortalIDSFTestes.dll" adapterTypeName="executor://nunit3testexecutor/" className="PortalIDSFTestes.testes.operacoes.ArquivosBaixaTest" name="deveEnviarArquivoBaixa" />
    </UnitTest>
    <UnitTest name="deveFazerDownloadArquivoCNAB" storage="c:\users\levialves\projectslevi\zitecqa\portalidsftestes\bin\debug\net8.0\portalidsftestes.dll" id="4fa02158-22da-c031-2887-9fef82b72e48">
      <Execution id="d6e30158-aad2-4559-9022-aa1be5b0b9c9" />
      <TestMethod codeBase="C:\Users\LeviAlves\projectsLevi\ZitecQA\PortalIDSFTestes\bin\Debug\net8.0\PortalIDSFTestes.dll" adapterTypeName="executor://nunit3testexecutor/" className="PortalIDSFTestes.testes.operacoes.ArquivosBaixaTest" name="deveFazerDownloadArquivoCNAB" />
    </UnitTest>
    <UnitTest name="deveRealizarLoginComSucessoNivelDenver" storage="c:\users\levialves\projectslevi\zitecqa\portalidsftestes\bin\debug\net8.0\portalidsftestes.dll" id="17e1a3cf-48db-be55-414f-e40adf35a020">
      <Execution id="fafefcd0-ce5f-4c8c-8b5a-7a822c6c1d4a" />
      <TestMethod codeBase="C:\Users\LeviAlves\projectsLevi\ZitecQA\PortalIDSFTestes\bin\Debug\net8.0\PortalIDSFTestes.dll" adapterTypeName="executor://nunit3testexecutor/" className="PortalIDSFTestes.testes.login.LoginTest" name="deveRealizarLoginComSucessoNivelDenver" />
    </UnitTest>
    <UnitTest name="naoDeveRealizarLoginComSenhaInvalidaNivelGestora" storage="c:\users\levialves\projectslevi\zitecqa\portalidsftestes\bin\debug\net8.0\portalidsftestes.dll" id="6b387292-9c23-8147-ffc4-2f5c7f11535d">
      <Execution id="cef2589a-84a5-4b4d-9e8c-f2328ed55a1b" />
      <TestMethod codeBase="C:\Users\LeviAlves\projectsLevi\ZitecQA\PortalIDSFTestes\bin\Debug\net8.0\PortalIDSFTestes.dll" adapterTypeName="executor://nunit3testexecutor/" className="PortalIDSFTestes.testes.login.LoginTest" name="naoDeveRealizarLoginComSenhaInvalidaNivelGestora" />
    </UnitTest>
    <UnitTest name="naoDeveRealizarLoginComSenhaInvalidaNivelConsultoria" storage="c:\users\levialves\projectslevi\zitecqa\portalidsftestes\bin\debug\net8.0\portalidsftestes.dll" id="41e689cf-b25d-5121-5e78-25f3dc672610">
      <Execution id="c6f16e82-c9c1-454d-ae3c-eca351fdaa34" />
      <TestMethod codeBase="C:\Users\LeviAlves\projectsLevi\ZitecQA\PortalIDSFTestes\bin\Debug\net8.0\PortalIDSFTestes.dll" adapterTypeName="executor://nunit3testexecutor/" className="PortalIDSFTestes.testes.login.LoginTest" name="naoDeveRealizarLoginComSenhaInvalidaNivelConsultoria" />
    </UnitTest>
    <UnitTest name="naoDeveRealizarLoginComSenhaInvalidaNivelInterno" storage="c:\users\levialves\projectslevi\zitecqa\portalidsftestes\bin\debug\net8.0\portalidsftestes.dll" id="d89b770f-ccea-ab8e-4aa0-be6592079692">
      <Execution id="7a54224a-ac2f-4b1d-8183-d119d2093a43" />
      <TestMethod codeBase="C:\Users\LeviAlves\projectsLevi\ZitecQA\PortalIDSFTestes\bin\Debug\net8.0\PortalIDSFTestes.dll" adapterTypeName="executor://nunit3testexecutor/" className="PortalIDSFTestes.testes.login.LoginTest" name="naoDeveRealizarLoginComSenhaInvalidaNivelInterno" />
    </UnitTest>
    <UnitTest name="deveRealizarLoginComSucessoNivelInterno" storage="c:\users\levialves\projectslevi\zitecqa\portalidsftestes\bin\debug\net8.0\portalidsftestes.dll" id="d25a4398-dae2-c5dc-6ee4-80e32fa0edea">
      <Execution id="96d0f596-34f3-4377-8909-1acfb3af6c19" />
      <TestMethod codeBase="C:\Users\LeviAlves\projectsLevi\ZitecQA\PortalIDSFTestes\bin\Debug\net8.0\PortalIDSFTestes.dll" adapterTypeName="executor://nunit3testexecutor/" className="PortalIDSFTestes.testes.login.LoginTest" name="deveRealizarLoginComSucessoNivelInterno" />
    </UnitTest>
  </TestDefinitions>
  <TestEntries>
    <TestEntry testId="18804268-1f0d-999f-fc34-38a3a3195d74" executionId="41b81122-ed05-4819-9e58-7568a1d9cfe4" testListId="8c84fa94-04c1-424b-9868-57a2d4851a1d" />
    <TestEntry testId="41e689cf-b25d-5121-5e78-25f3dc672610" executionId="c6f16e82-c9c1-454d-ae3c-eca351fdaa34" testListId="8c84fa94-04c1-424b-9868-57a2d4851a1d" />
    <TestEntry testId="623420a3-27e4-d350-c56f-8ae62bbad798" executionId="129ab06e-1629-48d8-a45f-bc45caafe302" testListId="8c84fa94-04c1-424b-9868-57a2d4851a1d" />
    <TestEntry testId="7c03647b-0981-794e-241d-60163f467bb5" executionId="e8864c0f-5465-49cb-8d3b-357b6dcd760a" testListId="8c84fa94-04c1-424b-9868-57a2d4851a1d" />
    <TestEntry testId="1aeecc5b-fb9d-07f3-9d2c-fd25ae40d93d" executionId="7e336248-c6b7-465b-a903-3eb3f5512790" testListId="8c84fa94-04c1-424b-9868-57a2d4851a1d" />
    <TestEntry testId="3dca55e2-85a4-ba6d-01f5-55221de554ef" executionId="4285b8dc-d959-48fe-8395-520357c6f993" testListId="8c84fa94-04c1-424b-9868-57a2d4851a1d" />
    <TestEntry testId="d89b770f-ccea-ab8e-4aa0-be6592079692" executionId="7a54224a-ac2f-4b1d-8183-d119d2093a43" testListId="8c84fa94-04c1-424b-9868-57a2d4851a1d" />
    <TestEntry testId="c0e2edda-ac5b-ed3a-02cb-51b5953bd4e0" executionId="33246cc4-f81c-4eaf-8a26-aa256b40ee59" testListId="8c84fa94-04c1-424b-9868-57a2d4851a1d" />
    <TestEntry testId="6b387292-9c23-8147-ffc4-2f5c7f11535d" executionId="cef2589a-84a5-4b4d-9e8c-f2328ed55a1b" testListId="8c84fa94-04c1-424b-9868-57a2d4851a1d" />
    <TestEntry testId="5d6919dd-8d46-b435-e45b-f064a297b06e" executionId="eb8f86bc-dbbf-4865-afdc-2602d4c692ea" testListId="8c84fa94-04c1-424b-9868-57a2d4851a1d" />
    <TestEntry testId="f337e46b-979e-ad67-3e04-12046bef855e" executionId="e67e1fc4-74cf-4376-a294-099bbfecb530" testListId="8c84fa94-04c1-424b-9868-57a2d4851a1d" />
    <TestEntry testId="d25a4398-dae2-c5dc-6ee4-80e32fa0edea" executionId="96d0f596-34f3-4377-8909-1acfb3af6c19" testListId="8c84fa94-04c1-424b-9868-57a2d4851a1d" />
    <TestEntry testId="17e1a3cf-48db-be55-414f-e40adf35a020" executionId="fafefcd0-ce5f-4c8c-8b5a-7a822c6c1d4a" testListId="8c84fa94-04c1-424b-9868-57a2d4851a1d" />
    <TestEntry testId="4fa02158-22da-c031-2887-9fef82b72e48" executionId="d6e30158-aad2-4559-9022-aa1be5b0b9c9" testListId="8c84fa94-04c1-424b-9868-57a2d4851a1d" />
  </TestEntries>
  <TestLists>
    <TestList name="Resultados que não estão em uma lista" id="8c84fa94-04c1-424b-9868-57a2d4851a1d" />
    <TestList name="Todos os resultados carregados" id="19431567-8539-422a-85d7-44ee4e166bda" />
  </TestLists>
  <ResultSummary outcome="Completed">
    <Counters total="14" executed="14" passed="14" failed="0" error="0" timeout="0" aborted="0" inconclusive="0" passedButRunAborted="0" notRunnable="0" notExecuted="0" disconnected="0" warning="0" completed="0" inProgress="0" pending="0" />
    <Output>
      <StdOut>NUnit Adapter 4.5.0.0: Test execution started&#xD;
Running all tests in C:\Users\LeviAlves\projectsLevi\ZitecQA\PortalIDSFTestes\bin\Debug\net8.0\PortalIDSFTestes.dll&#xD;
   NUnit3TestExecutor discovered 14 of 14 NUnit test cases using Current Discovery mode, Non-Explicit run&#xD;
NUnit Adapter 4.5.0.0: Test execution complete&#xD;
</StdOut>
    </Output>
    <RunInfos>
      <RunInfo computerName="ZITEC0029" outcome="Warning" timestamp="2025-07-28T13:33:17.6056868-03:00">
        <Text>✅ Arquivo foi baixado e validado com sucesso.&#xD;
\ud83d\uddd1️ Arquivo excluído após validação.&#xD;
</Text>
      </RunInfo>
      <RunInfo computerName="ZITEC0029" outcome="Warning" timestamp="2025-07-28T13:33:27.2858987-03:00">
        <Text>✅ Arquivo foi baixado e validado com sucesso.&#xD;
\ud83d\uddd1️ Arquivo excluído após validação.&#xD;
</Text>
      </RunInfo>
      <RunInfo computerName="ZITEC0029" outcome="Warning" timestamp="2025-07-28T13:33:35.0733388-03:00">
        <Text>✅ Arquivo foi baixado e validado com sucesso.&#xD;
\ud83d\uddd1️ Arquivo excluído após validação.&#xD;
</Text>
      </RunInfo>
    </RunInfos>
  </ResultSummary>
</TestRun>