<?xml version="1.0" encoding="utf-8"?>
<TestRun id="b1cddebe-3a77-4a80-a6a0-0026eb805373" name="LeviAlves@ZITEC0029 2025-07-24 15:27:55" runUser="AzureAD\LeviAlves" xmlns="http://microsoft.com/schemas/VisualStudio/TeamTest/2010">
  <Times creation="2025-07-24T15:27:55.5858299-03:00" queuing="2025-07-24T15:27:55.5858300-03:00" start="2025-07-24T15:27:37.6369594-03:00" finish="2025-07-24T15:27:55.5986979-03:00" />
  <TestSettings name="default" id="02ab99ad-33dc-4c0b-9710-218795b8b105">
    <Deployment runDeploymentRoot="LeviAlves_ZITEC0029_2025-07-24_15_27_55" />
  </TestSettings>
  <Results>
    <UnitTestResult executionId="4baf5bce-6bce-4731-b2be-2477e43738cd" testId="04a1c068-f411-c543-c9b6-043917e81ce2" testName="deveRealizarLoginComSucessoNivelConsultoria" computerName="ZITEC0029" duration="00:00:01.3919990" startTime="2025-07-24T15:27:54.1313154-03:00" endTime="2025-07-24T15:27:55.5233134-03:00" testType="13cdc9d9-ddb5-4fa4-a97d-d965ccfc6d4b" outcome="Failed" testListId="8c84fa94-04c1-424b-9868-57a2d4851a1d" relativeResultsDirectory="4baf5bce-6bce-4731-b2be-2477e43738cd">
      <Output>
        <StdOut>[Setup] Acessando: https://portal.idsf.com.br/</StdOut>
        <ErrorInfo>
          <Message>Microsoft.Playwright.PlaywrightException : net::ERR_ABORTED at https://portal.idsf.com.br/&#xD;
=========================== logs ===========================&#xD;
navigating to "https://portal.idsf.com.br/", waiting until "load"&#xD;
============================================================</Message>
          <StackTrace>   at Microsoft.Playwright.Transport.Connection.InnerSendMessageToServerAsync[T](String guid, String method, Object args) in /_/src/Playwright/Transport/Connection.cs:line 163&#xD;
   at Microsoft.Playwright.Transport.Connection.WrapApiCallAsync[T](Func`1 action, Boolean isInternal) in /_/src/Playwright/Transport/Connection.cs:line 482&#xD;
   at Microsoft.Playwright.Core.Frame.GotoAsync(String url, FrameGotoOptions options) in /_/src/Playwright/Core/Frame.cs:line 545&#xD;
   at PortaIDSFTestes.runner.Executa.Setup() in C:\Users\LeviAlves\source\repos\PortaIDSFlTestes\PortaIDSFlTestes\runner\Executa.cs:line 33&#xD;
   at NUnit.Framework.Internal.TaskAwaitAdapter.GenericAdapter`1.BlockUntilCompleted()&#xD;
   at NUnit.Framework.Internal.MessagePumpStrategy.NoMessagePumpStrategy.WaitForCompletion(AwaitAdapter awaiter)&#xD;
   at NUnit.Framework.Internal.AsyncToSyncAdapter.Await(Func`1 invoke)&#xD;
   at NUnit.Framework.Internal.Commands.SetUpTearDownItem.RunSetUpOrTearDownMethod(TestExecutionContext context, IMethodInfo method)&#xD;
   at NUnit.Framework.Internal.Commands.SetUpTearDownItem.RunSetUp(TestExecutionContext context)&#xD;
   at NUnit.Framework.Internal.Commands.SetUpTearDownCommand.&lt;&gt;c__DisplayClass0_0.&lt;.ctor&gt;b__0(TestExecutionContext context)&#xD;
   at NUnit.Framework.Internal.Commands.BeforeAndAfterTestCommand.&lt;&gt;c__DisplayClass1_0.&lt;Execute&gt;b__0()&#xD;
   at NUnit.Framework.Internal.Commands.DelegatingTestCommand.RunTestMethodInThreadAbortSafeZone(TestExecutionContext context, Action action)
</StackTrace>
        </ErrorInfo>
      </Output>
    </UnitTestResult>
    <UnitTestResult executionId="c0558582-40f3-4d32-99ea-fcb8464df98d" testId="380d9d96-9455-d1ab-4c32-4a6163cde1f7" testName="deveRealizarLoginComSucessoNivelGestora" computerName="ZITEC0029" duration="00:00:01.3355999" startTime="2025-07-24T15:27:54.1312797-03:00" endTime="2025-07-24T15:27:55.4668338-03:00" testType="13cdc9d9-ddb5-4fa4-a97d-d965ccfc6d4b" outcome="Failed" testListId="8c84fa94-04c1-424b-9868-57a2d4851a1d" relativeResultsDirectory="c0558582-40f3-4d32-99ea-fcb8464df98d">
      <Output>
        <StdOut>[Setup] Acessando: https://portal.idsf.com.br/</StdOut>
        <ErrorInfo>
          <Message>Microsoft.Playwright.PlaywrightException : net::ERR_ABORTED at https://portal.idsf.com.br/&#xD;
=========================== logs ===========================&#xD;
navigating to "https://portal.idsf.com.br/", waiting until "load"&#xD;
============================================================&#xD;
TearDown : Microsoft.Playwright.PlaywrightException : Connection disposed</Message>
          <StackTrace>   at Microsoft.Playwright.Transport.Connection.InnerSendMessageToServerAsync[T](String guid, String method, Object args) in /_/src/Playwright/Transport/Connection.cs:line 163&#xD;
   at Microsoft.Playwright.Transport.Connection.WrapApiCallAsync[T](Func`1 action, Boolean isInternal) in /_/src/Playwright/Transport/Connection.cs:line 482&#xD;
   at Microsoft.Playwright.Core.Frame.GotoAsync(String url, FrameGotoOptions options) in /_/src/Playwright/Core/Frame.cs:line 545&#xD;
   at PortaIDSFTestes.runner.Executa.Setup() in C:\Users\LeviAlves\source\repos\PortaIDSFlTestes\PortaIDSFlTestes\runner\Executa.cs:line 33&#xD;
   at NUnit.Framework.Internal.TaskAwaitAdapter.GenericAdapter`1.BlockUntilCompleted()&#xD;
   at NUnit.Framework.Internal.MessagePumpStrategy.NoMessagePumpStrategy.WaitForCompletion(AwaitAdapter awaiter)&#xD;
   at NUnit.Framework.Internal.AsyncToSyncAdapter.Await(Func`1 invoke)&#xD;
   at NUnit.Framework.Internal.Commands.SetUpTearDownItem.RunSetUpOrTearDownMethod(TestExecutionContext context, IMethodInfo method)&#xD;
   at NUnit.Framework.Internal.Commands.SetUpTearDownItem.RunSetUp(TestExecutionContext context)&#xD;
   at NUnit.Framework.Internal.Commands.SetUpTearDownCommand.&lt;&gt;c__DisplayClass0_0.&lt;.ctor&gt;b__0(TestExecutionContext context)&#xD;
   at NUnit.Framework.Internal.Commands.BeforeAndAfterTestCommand.&lt;&gt;c__DisplayClass1_0.&lt;Execute&gt;b__0()&#xD;
   at NUnit.Framework.Internal.Commands.DelegatingTestCommand.RunTestMethodInThreadAbortSafeZone(TestExecutionContext context, Action action)&#xD;
--TearDown&#xD;
   at Microsoft.Playwright.Transport.Connection.InnerSendMessageToServerAsync[T](String guid, String method, Object args) in /_/src/Playwright/Transport/Connection.cs:line 163&#xD;
   at Microsoft.Playwright.Transport.Connection.WrapApiCallAsync[T](Func`1 action, Boolean isInternal) in /_/src/Playwright/Transport/Connection.cs:line 482&#xD;
   at Microsoft.Playwright.Core.Browser.CloseAsync() in /_/src/Playwright/Core/Browser.cs:line 85&#xD;
   at PortaIDSFTestes.runner.Executa.TearDown() in C:\Users\LeviAlves\source\repos\PortaIDSFlTestes\PortaIDSFlTestes\runner\Executa.cs:line 45&#xD;
   at NUnit.Framework.Internal.TaskAwaitAdapter.GenericAdapter`1.BlockUntilCompleted()&#xD;
   at NUnit.Framework.Internal.MessagePumpStrategy.NoMessagePumpStrategy.WaitForCompletion(AwaitAdapter awaiter)&#xD;
   at NUnit.Framework.Internal.AsyncToSyncAdapter.Await(Func`1 invoke)&#xD;
   at NUnit.Framework.Internal.Commands.SetUpTearDownItem.RunSetUpOrTearDownMethod(TestExecutionContext context, IMethodInfo method)&#xD;
   at NUnit.Framework.Internal.Commands.SetUpTearDownItem.RunTearDown(TestExecutionContext context)
</StackTrace>
        </ErrorInfo>
      </Output>
    </UnitTestResult>
    <UnitTestResult executionId="ee84b871-f572-43c6-8a28-5997e2882c7a" testId="09294335-34a2-d51a-e7ec-322236382b70" testName="deveRealizarLoginComSucessoNivelInterno" computerName="ZITEC0029" duration="00:00:01.3920290" startTime="2025-07-24T15:27:54.1312848-03:00" endTime="2025-07-24T15:27:55.5233134-03:00" testType="13cdc9d9-ddb5-4fa4-a97d-d965ccfc6d4b" outcome="Failed" testListId="8c84fa94-04c1-424b-9868-57a2d4851a1d" relativeResultsDirectory="ee84b871-f572-43c6-8a28-5997e2882c7a">
      <Output>
        <StdOut>[Setup] Acessando: https://portal.idsf.com.br/</StdOut>
        <ErrorInfo>
          <Message>Microsoft.Playwright.PlaywrightException : net::ERR_ABORTED; maybe frame was detached?&#xD;
=========================== logs ===========================&#xD;
navigating to "https://portal.idsf.com.br/", waiting until "load"&#xD;
============================================================</Message>
          <StackTrace>   at Microsoft.Playwright.Transport.Connection.InnerSendMessageToServerAsync[T](String guid, String method, Object args) in /_/src/Playwright/Transport/Connection.cs:line 163&#xD;
   at Microsoft.Playwright.Transport.Connection.WrapApiCallAsync[T](Func`1 action, Boolean isInternal) in /_/src/Playwright/Transport/Connection.cs:line 482&#xD;
   at Microsoft.Playwright.Core.Frame.GotoAsync(String url, FrameGotoOptions options) in /_/src/Playwright/Core/Frame.cs:line 545&#xD;
   at PortaIDSFTestes.runner.Executa.Setup() in C:\Users\LeviAlves\source\repos\PortaIDSFlTestes\PortaIDSFlTestes\runner\Executa.cs:line 33&#xD;
   at NUnit.Framework.Internal.TaskAwaitAdapter.GenericAdapter`1.BlockUntilCompleted()&#xD;
   at NUnit.Framework.Internal.MessagePumpStrategy.NoMessagePumpStrategy.WaitForCompletion(AwaitAdapter awaiter)&#xD;
   at NUnit.Framework.Internal.AsyncToSyncAdapter.Await(Func`1 invoke)&#xD;
   at NUnit.Framework.Internal.Commands.SetUpTearDownItem.RunSetUpOrTearDownMethod(TestExecutionContext context, IMethodInfo method)&#xD;
   at NUnit.Framework.Internal.Commands.SetUpTearDownItem.RunSetUp(TestExecutionContext context)&#xD;
   at NUnit.Framework.Internal.Commands.SetUpTearDownCommand.&lt;&gt;c__DisplayClass0_0.&lt;.ctor&gt;b__0(TestExecutionContext context)&#xD;
   at NUnit.Framework.Internal.Commands.BeforeAndAfterTestCommand.&lt;&gt;c__DisplayClass1_0.&lt;Execute&gt;b__0()&#xD;
   at NUnit.Framework.Internal.Commands.DelegatingTestCommand.RunTestMethodInThreadAbortSafeZone(TestExecutionContext context, Action action)
</StackTrace>
        </ErrorInfo>
      </Output>
    </UnitTestResult>
    <UnitTestResult executionId="b4f19b5e-22ad-4c21-959b-d8209a92ff7f" testId="8cd9bccb-a4a6-67ca-ca0d-91ad144efaa6" testName="deveRealizarLoginComSucessoNivelDenver" computerName="ZITEC0029" duration="00:00:01.3355490" startTime="2025-07-24T15:27:54.1313288-03:00" endTime="2025-07-24T15:27:55.4668290-03:00" testType="13cdc9d9-ddb5-4fa4-a97d-d965ccfc6d4b" outcome="Failed" testListId="8c84fa94-04c1-424b-9868-57a2d4851a1d" relativeResultsDirectory="b4f19b5e-22ad-4c21-959b-d8209a92ff7f">
      <Output>
        <StdOut>[Setup] Acessando: https://portal.idsf.com.br/</StdOut>
        <ErrorInfo>
          <Message>Microsoft.Playwright.PlaywrightException : Connection disposed&#xD;
TearDown : Microsoft.Playwright.PlaywrightException : Connection disposed</Message>
          <StackTrace>   at Microsoft.Playwright.Transport.Connection.InnerSendMessageToServerAsync[T](String guid, String method, Object args) in /_/src/Playwright/Transport/Connection.cs:line 163&#xD;
   at Microsoft.Playwright.Transport.Connection.WrapApiCallAsync[T](Func`1 action, Boolean isInternal) in /_/src/Playwright/Transport/Connection.cs:line 482&#xD;
   at Microsoft.Playwright.Core.Frame.GotoAsync(String url, FrameGotoOptions options) in /_/src/Playwright/Core/Frame.cs:line 545&#xD;
   at PortaIDSFTestes.runner.Executa.Setup() in C:\Users\LeviAlves\source\repos\PortaIDSFlTestes\PortaIDSFlTestes\runner\Executa.cs:line 33&#xD;
   at NUnit.Framework.Internal.TaskAwaitAdapter.GenericAdapter`1.BlockUntilCompleted()&#xD;
   at NUnit.Framework.Internal.MessagePumpStrategy.NoMessagePumpStrategy.WaitForCompletion(AwaitAdapter awaiter)&#xD;
   at NUnit.Framework.Internal.AsyncToSyncAdapter.Await(Func`1 invoke)&#xD;
   at NUnit.Framework.Internal.Commands.SetUpTearDownItem.RunSetUpOrTearDownMethod(TestExecutionContext context, IMethodInfo method)&#xD;
   at NUnit.Framework.Internal.Commands.SetUpTearDownItem.RunSetUp(TestExecutionContext context)&#xD;
   at NUnit.Framework.Internal.Commands.SetUpTearDownCommand.&lt;&gt;c__DisplayClass0_0.&lt;.ctor&gt;b__0(TestExecutionContext context)&#xD;
   at NUnit.Framework.Internal.Commands.BeforeAndAfterTestCommand.&lt;&gt;c__DisplayClass1_0.&lt;Execute&gt;b__0()&#xD;
   at NUnit.Framework.Internal.Commands.DelegatingTestCommand.RunTestMethodInThreadAbortSafeZone(TestExecutionContext context, Action action)&#xD;
--TearDown&#xD;
   at Microsoft.Playwright.Transport.Connection.InnerSendMessageToServerAsync[T](String guid, String method, Object args) in /_/src/Playwright/Transport/Connection.cs:line 108&#xD;
   at Microsoft.Playwright.Transport.Connection.WrapApiCallAsync[T](Func`1 action, Boolean isInternal) in /_/src/Playwright/Transport/Connection.cs:line 482&#xD;
   at Microsoft.Playwright.Core.BrowserContext.CloseAsync() in /_/src/Playwright/Core/BrowserContext.cs:line 178&#xD;
   at PortaIDSFTestes.runner.Executa.TearDown() in C:\Users\LeviAlves\source\repos\PortaIDSFlTestes\PortaIDSFlTestes\runner\Executa.cs:line 42&#xD;
   at NUnit.Framework.Internal.TaskAwaitAdapter.GenericAdapter`1.GetResult()&#xD;
   at NUnit.Framework.Internal.AsyncToSyncAdapter.Await(Func`1 invoke)&#xD;
   at NUnit.Framework.Internal.Commands.SetUpTearDownItem.RunSetUpOrTearDownMethod(TestExecutionContext context, IMethodInfo method)&#xD;
   at NUnit.Framework.Internal.Commands.SetUpTearDownItem.RunTearDown(TestExecutionContext context)
</StackTrace>
        </ErrorInfo>
      </Output>
    </UnitTestResult>
  </Results>
  <TestDefinitions>
    <UnitTest name="deveRealizarLoginComSucessoNivelDenver" storage="c:\users\levialves\source\repos\portaidsfltestes\portaidsfltestes\bin\debug\net8.0\portaidsftestes.dll" id="8cd9bccb-a4a6-67ca-ca0d-91ad144efaa6">
      <Execution id="b4f19b5e-22ad-4c21-959b-d8209a92ff7f" />
      <TestMethod codeBase="C:\Users\LeviAlves\source\repos\PortaIDSFlTestes\PortaIDSFlTestes\bin\Debug\net8.0\PortaIDSFTestes.dll" adapterTypeName="executor://nunit3testexecutor/" className="PortaIDSFTestes.testes.Tests" name="deveRealizarLoginComSucessoNivelDenver" />
    </UnitTest>
    <UnitTest name="deveRealizarLoginComSucessoNivelInterno" storage="c:\users\levialves\source\repos\portaidsfltestes\portaidsfltestes\bin\debug\net8.0\portaidsftestes.dll" id="09294335-34a2-d51a-e7ec-322236382b70">
      <Execution id="ee84b871-f572-43c6-8a28-5997e2882c7a" />
      <TestMethod codeBase="C:\Users\LeviAlves\source\repos\PortaIDSFlTestes\PortaIDSFlTestes\bin\Debug\net8.0\PortaIDSFTestes.dll" adapterTypeName="executor://nunit3testexecutor/" className="PortaIDSFTestes.testes.Tests" name="deveRealizarLoginComSucessoNivelInterno" />
    </UnitTest>
    <UnitTest name="deveRealizarLoginComSucessoNivelConsultoria" storage="c:\users\levialves\source\repos\portaidsfltestes\portaidsfltestes\bin\debug\net8.0\portaidsftestes.dll" id="04a1c068-f411-c543-c9b6-043917e81ce2">
      <Execution id="4baf5bce-6bce-4731-b2be-2477e43738cd" />
      <TestMethod codeBase="C:\Users\LeviAlves\source\repos\PortaIDSFlTestes\PortaIDSFlTestes\bin\Debug\net8.0\PortaIDSFTestes.dll" adapterTypeName="executor://nunit3testexecutor/" className="PortaIDSFTestes.testes.Tests" name="deveRealizarLoginComSucessoNivelConsultoria" />
    </UnitTest>
    <UnitTest name="deveRealizarLoginComSucessoNivelGestora" storage="c:\users\levialves\source\repos\portaidsfltestes\portaidsfltestes\bin\debug\net8.0\portaidsftestes.dll" id="380d9d96-9455-d1ab-4c32-4a6163cde1f7">
      <Execution id="c0558582-40f3-4d32-99ea-fcb8464df98d" />
      <TestMethod codeBase="C:\Users\LeviAlves\source\repos\PortaIDSFlTestes\PortaIDSFlTestes\bin\Debug\net8.0\PortaIDSFTestes.dll" adapterTypeName="executor://nunit3testexecutor/" className="PortaIDSFTestes.testes.Tests" name="deveRealizarLoginComSucessoNivelGestora" />
    </UnitTest>
  </TestDefinitions>
  <TestEntries>
    <TestEntry testId="04a1c068-f411-c543-c9b6-043917e81ce2" executionId="4baf5bce-6bce-4731-b2be-2477e43738cd" testListId="8c84fa94-04c1-424b-9868-57a2d4851a1d" />
    <TestEntry testId="380d9d96-9455-d1ab-4c32-4a6163cde1f7" executionId="c0558582-40f3-4d32-99ea-fcb8464df98d" testListId="8c84fa94-04c1-424b-9868-57a2d4851a1d" />
    <TestEntry testId="09294335-34a2-d51a-e7ec-322236382b70" executionId="ee84b871-f572-43c6-8a28-5997e2882c7a" testListId="8c84fa94-04c1-424b-9868-57a2d4851a1d" />
    <TestEntry testId="8cd9bccb-a4a6-67ca-ca0d-91ad144efaa6" executionId="b4f19b5e-22ad-4c21-959b-d8209a92ff7f" testListId="8c84fa94-04c1-424b-9868-57a2d4851a1d" />
  </TestEntries>
  <TestLists>
    <TestList name="Resultados que não estão em uma lista" id="8c84fa94-04c1-424b-9868-57a2d4851a1d" />
    <TestList name="Todos os resultados carregados" id="19431567-8539-422a-85d7-44ee4e166bda" />
  </TestLists>
  <ResultSummary outcome="Failed">
    <Counters total="4" executed="4" passed="0" failed="4" error="0" timeout="0" aborted="0" inconclusive="0" passedButRunAborted="0" notRunnable="0" notExecuted="0" disconnected="0" warning="0" completed="0" inProgress="0" pending="0" />
    <Output>
      <StdOut>NUnit Adapter 4.5.0.0: Test execution started&#xD;
Running all tests in C:\Users\LeviAlves\source\repos\PortaIDSFlTestes\PortaIDSFlTestes\bin\Debug\net8.0\PortaIDSFTestes.dll&#xD;
   NUnit3TestExecutor discovered 4 of 4 NUnit test cases using Current Discovery mode, Non-Explicit run&#xD;
NUnit Adapter 4.5.0.0: Test execution complete&#xD;
</StdOut>
    </Output>
    <RunInfos>
      <RunInfo computerName="ZITEC0029" outcome="Warning" timestamp="2025-07-24T15:27:55.4754356-03:00">
        <Text>[Setup] Acessando: https://portal.idsf.com.br/&#xD;
</Text>
      </RunInfo>
      <RunInfo computerName="ZITEC0029" outcome="Warning" timestamp="2025-07-24T15:27:55.4772448-03:00">
        <Text>[Setup] Acessando: https://portal.idsf.com.br/&#xD;
</Text>
      </RunInfo>
      <RunInfo computerName="ZITEC0029" outcome="Warning" timestamp="2025-07-24T15:27:55.5242819-03:00">
        <Text>[Setup] Acessando: https://portal.idsf.com.br/&#xD;
</Text>
      </RunInfo>
      <RunInfo computerName="ZITEC0029" outcome="Warning" timestamp="2025-07-24T15:27:55.5245154-03:00">
        <Text>[Setup] Acessando: https://portal.idsf.com.br/&#xD;
</Text>
      </RunInfo>
    </RunInfos>
  </ResultSummary>
</TestRun>