<?xml version="1.0" encoding="utf-8"?>
<TestRun id="a682272c-0a66-49bc-a0c0-2f8b73abdca9" name="LeviAlves@ZITEC0029 2025-07-25 10:33:14" runUser="AzureAD\LeviAlves" xmlns="http://microsoft.com/schemas/VisualStudio/TeamTest/2010">
  <Times creation="2025-07-25T10:33:14.0984648-03:00" queuing="2025-07-25T10:33:14.0984651-03:00" start="2025-07-25T10:33:08.5322185-03:00" finish="2025-07-25T10:34:16.6142124-03:00" />
  <TestSettings name="default" id="2e605c76-07d2-4923-a094-9323e215cc24">
    <Deployment runDeploymentRoot="LeviAlves_ZITEC0029_2025-07-25_10_33_14" />
  </TestSettings>
  <Results>
    <UnitTestResult executionId="83e1d7a6-b821-4681-9c5d-7ddf5c9e2f6c" testId="c05cfefa-ca99-57bf-f352-341eae158773" testName="naoDeveRealizarLoginComSenhaInvalidaNivelGestora" computerName="ZITEC0029" duration="00:00:08.1160390" startTime="2025-07-25T10:33:35.4183827-03:00" endTime="2025-07-25T10:33:43.5344213-03:00" testType="13cdc9d9-ddb5-4fa4-a97d-d965ccfc6d4b" outcome="Passed" testListId="8c84fa94-04c1-424b-9868-57a2d4851a1d" relativeResultsDirectory="83e1d7a6-b821-4681-9c5d-7ddf5c9e2f6c" />
    <UnitTestResult executionId="d7451794-19e5-4b00-ab21-081b2f2b0795" testId="2e02976e-b95f-6c0a-2e12-b918f1a8c395" testName="deveRealizarLoginComSucessoNivelDenver" computerName="ZITEC0029" duration="00:00:31.3132610" startTime="2025-07-25T10:33:43.5344542-03:00" endTime="2025-07-25T10:34:14.8477145-03:00" testType="13cdc9d9-ddb5-4fa4-a97d-d965ccfc6d4b" outcome="Failed" testListId="8c84fa94-04c1-424b-9868-57a2d4851a1d" relativeResultsDirectory="d7451794-19e5-4b00-ab21-081b2f2b0795">
      <Output>
        <ErrorInfo>
          <Message>Microsoft.Playwright.PlaywrightException : Não foi possivel Encontrar a Url: https://portal.idsf.com.br/Home.aspx Para Validar no passo: Validar Url Logada na Página Home</Message>
          <StackTrace>   at PortaIDSFTestes.metodos.Metodos.validarUrl(String urlEsperada, String passo) in C:\Users\LeviAlves\source\repos\PortaIDSFlTestes\PortaIDSFlTestes\metodos\Metodos.cs:line 56&#xD;
   at PortaIDSFTestes.pages.login.LoginPage.LoginSucessoDenver() in C:\Users\LeviAlves\source\repos\PortaIDSFlTestes\PortaIDSFlTestes\pages\login\LoginPage.cs:line 82&#xD;
   at PortaIDSFTestes.testes.LoginTest.deveRealizarLoginComSucessoNivelDenver() in C:\Users\LeviAlves\source\repos\PortaIDSFlTestes\PortaIDSFlTestes\testes\LoginTest.cs:line 73&#xD;
   at NUnit.Framework.Internal.TaskAwaitAdapter.GenericAdapter`1.BlockUntilCompleted()&#xD;
   at NUnit.Framework.Internal.MessagePumpStrategy.NoMessagePumpStrategy.WaitForCompletion(AwaitAdapter awaiter)&#xD;
   at NUnit.Framework.Internal.AsyncToSyncAdapter.Await(Func`1 invoke)&#xD;
   at NUnit.Framework.Internal.Commands.TestMethodCommand.RunTestMethod(TestExecutionContext context)&#xD;
   at NUnit.Framework.Internal.Commands.TestMethodCommand.Execute(TestExecutionContext context)&#xD;
   at NUnit.Framework.Internal.Commands.BeforeAndAfterTestCommand.&lt;&gt;c__DisplayClass1_0.&lt;Execute&gt;b__0()&#xD;
   at NUnit.Framework.Internal.Commands.DelegatingTestCommand.RunTestMethodInThreadAbortSafeZone(TestExecutionContext context, Action action)
</StackTrace>
        </ErrorInfo>
      </Output>
    </UnitTestResult>
    <UnitTestResult executionId="3146a125-7450-4bb0-b7fb-c6ba470ad0db" testId="990ee1b5-5699-11c3-0084-2068eb2a0b29" testName="naoDeveRealizarLoginComSenhaInvalidaNivelInterno" computerName="ZITEC0029" duration="00:00:05.9877670" startTime="2025-07-25T10:33:14.0717588-03:00" endTime="2025-07-25T10:33:20.0595257-03:00" testType="13cdc9d9-ddb5-4fa4-a97d-d965ccfc6d4b" outcome="Passed" testListId="8c84fa94-04c1-424b-9868-57a2d4851a1d" relativeResultsDirectory="3146a125-7450-4bb0-b7fb-c6ba470ad0db" />
    <UnitTestResult executionId="8f451899-ca7d-436b-bb20-40fad5039e36" testId="48931902-a30a-380e-c91f-ebf7def70234" testName="deveRealizarLoginComSucessoNivelGestora" computerName="ZITEC0029" duration="00:00:05.3910710" startTime="2025-07-25T10:33:30.0272794-03:00" endTime="2025-07-25T10:33:35.4183503-03:00" testType="13cdc9d9-ddb5-4fa4-a97d-d965ccfc6d4b" outcome="Passed" testListId="8c84fa94-04c1-424b-9868-57a2d4851a1d" relativeResultsDirectory="8f451899-ca7d-436b-bb20-40fad5039e36" />
    <UnitTestResult executionId="b42eb116-08a9-4530-9c51-3b7a0e008b3e" testId="7a8b8c5a-4e00-c699-814e-d84e52a4f4b5" testName="deveRealizarLoginComSucessoNivelConsultoria" computerName="ZITEC0029" duration="00:00:05.3127829" startTime="2025-07-25T10:33:20.0595690-03:00" endTime="2025-07-25T10:33:25.3723512-03:00" testType="13cdc9d9-ddb5-4fa4-a97d-d965ccfc6d4b" outcome="Passed" testListId="8c84fa94-04c1-424b-9868-57a2d4851a1d" relativeResultsDirectory="b42eb116-08a9-4530-9c51-3b7a0e008b3e" />
    <UnitTestResult executionId="0c7ab218-c8c3-4698-9c40-d387ce8b8e78" testId="f3b6e8e8-05a9-9bbd-eb47-f5d88ed47e20" testName="deveRealizarLoginComSucessoNivelInterno" computerName="ZITEC0029" duration="00:00:05.1877610" startTime="2025-07-25T10:33:08.8829999-03:00" endTime="2025-07-25T10:33:14.0707037-03:00" testType="13cdc9d9-ddb5-4fa4-a97d-d965ccfc6d4b" outcome="Passed" testListId="8c84fa94-04c1-424b-9868-57a2d4851a1d" relativeResultsDirectory="0c7ab218-c8c3-4698-9c40-d387ce8b8e78" />
    <UnitTestResult executionId="81f4a55f-080b-497c-8ae5-f95bc26f5452" testId="71f2e842-2fa3-1678-e2b4-98c847ff99ce" testName="naoDeveRealizarLoginComSenhaInvalidaNivelDenver" computerName="ZITEC0029" duration="00:00:00.8669840" startTime="2025-07-25T10:34:14.8478764-03:00" endTime="2025-07-25T10:34:15.7148591-03:00" testType="13cdc9d9-ddb5-4fa4-a97d-d965ccfc6d4b" outcome="Failed" testListId="8c84fa94-04c1-424b-9868-57a2d4851a1d" relativeResultsDirectory="81f4a55f-080b-497c-8ae5-f95bc26f5452">
      <Output>
        <ErrorInfo>
          <Message>Microsoft.Playwright.PlaywrightException : net::ERR_INTERNET_DISCONNECTED at https://portal.idsf.com.br/&#xD;
=========================== logs ===========================&#xD;
navigating to "https://portal.idsf.com.br/", waiting until "load"&#xD;
============================================================</Message>
          <StackTrace>   at Microsoft.Playwright.Transport.Connection.InnerSendMessageToServerAsync[T](String guid, String method, Object args) in /_/src/Playwright/Transport/Connection.cs:line 163&#xD;
   at Microsoft.Playwright.Transport.Connection.WrapApiCallAsync[T](Func`1 action, Boolean isInternal) in /_/src/Playwright/Transport/Connection.cs:line 482&#xD;
   at Microsoft.Playwright.Core.Frame.GotoAsync(String url, FrameGotoOptions options) in /_/src/Playwright/Core/Frame.cs:line 545&#xD;
   at PortaIDSFTestes.runner.Executa.AbrirBrowserAsync() in C:\Users\LeviAlves\source\repos\PortaIDSFlTestes\PortaIDSFlTestes\runner\Executa.cs:line 27&#xD;
   at PortaIDSFTestes.testes.LoginTest.Setup() in C:\Users\LeviAlves\source\repos\PortaIDSFlTestes\PortaIDSFlTestes\testes\LoginTest.cs:line 18&#xD;
   at NUnit.Framework.Internal.TaskAwaitAdapter.GenericAdapter`1.BlockUntilCompleted()&#xD;
   at NUnit.Framework.Internal.MessagePumpStrategy.NoMessagePumpStrategy.WaitForCompletion(AwaitAdapter awaiter)&#xD;
   at NUnit.Framework.Internal.AsyncToSyncAdapter.Await(Func`1 invoke)&#xD;
   at NUnit.Framework.Internal.Commands.SetUpTearDownItem.RunSetUpOrTearDownMethod(TestExecutionContext context, IMethodInfo method)&#xD;
   at NUnit.Framework.Internal.Commands.SetUpTearDownItem.RunSetUp(TestExecutionContext context)&#xD;
   at NUnit.Framework.Internal.Commands.SetUpTearDownCommand.&lt;&gt;c__DisplayClass0_0.&lt;.ctor&gt;b__0(TestExecutionContext context)&#xD;
   at NUnit.Framework.Internal.Commands.BeforeAndAfterTestCommand.&lt;&gt;c__DisplayClass1_0.&lt;Execute&gt;b__0()&#xD;
   at NUnit.Framework.Internal.Commands.DelegatingTestCommand.RunTestMethodInThreadAbortSafeZone(TestExecutionContext context, Action action)
</StackTrace>
        </ErrorInfo>
      </Output>
    </UnitTestResult>
    <UnitTestResult executionId="7f1b365e-1f06-406f-b58a-40f950e1748e" testId="1d5e5a3e-193b-5be3-7dc7-a85ea73ac199" testName="naoDeveRealizarLoginComSenhaInvalidaNivelConsultoria" computerName="ZITEC0029" duration="00:00:04.6548600" startTime="2025-07-25T10:33:25.3723850-03:00" endTime="2025-07-25T10:33:30.0272444-03:00" testType="13cdc9d9-ddb5-4fa4-a97d-d965ccfc6d4b" outcome="Passed" testListId="8c84fa94-04c1-424b-9868-57a2d4851a1d" relativeResultsDirectory="7f1b365e-1f06-406f-b58a-40f950e1748e" />
    <UnitTestResult executionId="709f0254-8741-4900-892c-b49aa0e9ba45" testId="038ec7e6-c0f5-7861-6c75-c3ff7cc61e1b" testName="naoDeveConterAcentosQuebrados" computerName="ZITEC0029" duration="00:00:00.8555920" startTime="2025-07-25T10:34:15.7148949-03:00" endTime="2025-07-25T10:34:16.5704866-03:00" testType="13cdc9d9-ddb5-4fa4-a97d-d965ccfc6d4b" outcome="Failed" testListId="8c84fa94-04c1-424b-9868-57a2d4851a1d" relativeResultsDirectory="709f0254-8741-4900-892c-b49aa0e9ba45">
      <Output>
        <ErrorInfo>
          <Message>Microsoft.Playwright.PlaywrightException : net::ERR_INTERNET_DISCONNECTED at https://portal.idsf.com.br/&#xD;
=========================== logs ===========================&#xD;
navigating to "https://portal.idsf.com.br/", waiting until "load"&#xD;
============================================================</Message>
          <StackTrace>   at Microsoft.Playwright.Transport.Connection.InnerSendMessageToServerAsync[T](String guid, String method, Object args) in /_/src/Playwright/Transport/Connection.cs:line 163&#xD;
   at Microsoft.Playwright.Transport.Connection.WrapApiCallAsync[T](Func`1 action, Boolean isInternal) in /_/src/Playwright/Transport/Connection.cs:line 482&#xD;
   at Microsoft.Playwright.Core.Frame.GotoAsync(String url, FrameGotoOptions options) in /_/src/Playwright/Core/Frame.cs:line 545&#xD;
   at PortaIDSFTestes.runner.Executa.AbrirBrowserAsync() in C:\Users\LeviAlves\source\repos\PortaIDSFlTestes\PortaIDSFlTestes\runner\Executa.cs:line 27&#xD;
   at PortaIDSFTestes.testes.LoginTest.Setup() in C:\Users\LeviAlves\source\repos\PortaIDSFlTestes\PortaIDSFlTestes\testes\LoginTest.cs:line 18&#xD;
   at NUnit.Framework.Internal.TaskAwaitAdapter.GenericAdapter`1.BlockUntilCompleted()&#xD;
   at NUnit.Framework.Internal.MessagePumpStrategy.NoMessagePumpStrategy.WaitForCompletion(AwaitAdapter awaiter)&#xD;
   at NUnit.Framework.Internal.AsyncToSyncAdapter.Await(Func`1 invoke)&#xD;
   at NUnit.Framework.Internal.Commands.SetUpTearDownItem.RunSetUpOrTearDownMethod(TestExecutionContext context, IMethodInfo method)&#xD;
   at NUnit.Framework.Internal.Commands.SetUpTearDownItem.RunSetUp(TestExecutionContext context)&#xD;
   at NUnit.Framework.Internal.Commands.SetUpTearDownCommand.&lt;&gt;c__DisplayClass0_0.&lt;.ctor&gt;b__0(TestExecutionContext context)&#xD;
   at NUnit.Framework.Internal.Commands.BeforeAndAfterTestCommand.&lt;&gt;c__DisplayClass1_0.&lt;Execute&gt;b__0()&#xD;
   at NUnit.Framework.Internal.Commands.DelegatingTestCommand.RunTestMethodInThreadAbortSafeZone(TestExecutionContext context, Action action)
</StackTrace>
        </ErrorInfo>
      </Output>
    </UnitTestResult>
  </Results>
  <TestDefinitions>
    <UnitTest name="naoDeveRealizarLoginComSenhaInvalidaNivelConsultoria" storage="c:\users\levialves\source\repos\portaidsfltestes\portaidsfltestes\bin\debug\net8.0\portaidsftestes.dll" id="1d5e5a3e-193b-5be3-7dc7-a85ea73ac199">
      <Execution id="7f1b365e-1f06-406f-b58a-40f950e1748e" />
      <TestMethod codeBase="C:\Users\LeviAlves\source\repos\PortaIDSFlTestes\PortaIDSFlTestes\bin\Debug\net8.0\PortaIDSFTestes.dll" adapterTypeName="executor://nunit3testexecutor/" className="PortaIDSFTestes.testes.LoginTest" name="naoDeveRealizarLoginComSenhaInvalidaNivelConsultoria" />
    </UnitTest>
    <UnitTest name="deveRealizarLoginComSucessoNivelConsultoria" storage="c:\users\levialves\source\repos\portaidsfltestes\portaidsfltestes\bin\debug\net8.0\portaidsftestes.dll" id="7a8b8c5a-4e00-c699-814e-d84e52a4f4b5">
      <Execution id="b42eb116-08a9-4530-9c51-3b7a0e008b3e" />
      <TestMethod codeBase="C:\Users\LeviAlves\source\repos\PortaIDSFlTestes\PortaIDSFlTestes\bin\Debug\net8.0\PortaIDSFTestes.dll" adapterTypeName="executor://nunit3testexecutor/" className="PortaIDSFTestes.testes.LoginTest" name="deveRealizarLoginComSucessoNivelConsultoria" />
    </UnitTest>
    <UnitTest name="deveRealizarLoginComSucessoNivelInterno" storage="c:\users\levialves\source\repos\portaidsfltestes\portaidsfltestes\bin\debug\net8.0\portaidsftestes.dll" id="f3b6e8e8-05a9-9bbd-eb47-f5d88ed47e20">
      <Execution id="0c7ab218-c8c3-4698-9c40-d387ce8b8e78" />
      <TestMethod codeBase="C:\Users\LeviAlves\source\repos\PortaIDSFlTestes\PortaIDSFlTestes\bin\Debug\net8.0\PortaIDSFTestes.dll" adapterTypeName="executor://nunit3testexecutor/" className="PortaIDSFTestes.testes.LoginTest" name="deveRealizarLoginComSucessoNivelInterno" />
    </UnitTest>
    <UnitTest name="naoDeveRealizarLoginComSenhaInvalidaNivelGestora" storage="c:\users\levialves\source\repos\portaidsfltestes\portaidsfltestes\bin\debug\net8.0\portaidsftestes.dll" id="c05cfefa-ca99-57bf-f352-341eae158773">
      <Execution id="83e1d7a6-b821-4681-9c5d-7ddf5c9e2f6c" />
      <TestMethod codeBase="C:\Users\LeviAlves\source\repos\PortaIDSFlTestes\PortaIDSFlTestes\bin\Debug\net8.0\PortaIDSFTestes.dll" adapterTypeName="executor://nunit3testexecutor/" className="PortaIDSFTestes.testes.LoginTest" name="naoDeveRealizarLoginComSenhaInvalidaNivelGestora" />
    </UnitTest>
    <UnitTest name="deveRealizarLoginComSucessoNivelDenver" storage="c:\users\levialves\source\repos\portaidsfltestes\portaidsfltestes\bin\debug\net8.0\portaidsftestes.dll" id="2e02976e-b95f-6c0a-2e12-b918f1a8c395">
      <Execution id="d7451794-19e5-4b00-ab21-081b2f2b0795" />
      <TestMethod codeBase="C:\Users\LeviAlves\source\repos\PortaIDSFlTestes\PortaIDSFlTestes\bin\Debug\net8.0\PortaIDSFTestes.dll" adapterTypeName="executor://nunit3testexecutor/" className="PortaIDSFTestes.testes.LoginTest" name="deveRealizarLoginComSucessoNivelDenver" />
    </UnitTest>
    <UnitTest name="naoDeveRealizarLoginComSenhaInvalidaNivelDenver" storage="c:\users\levialves\source\repos\portaidsfltestes\portaidsfltestes\bin\debug\net8.0\portaidsftestes.dll" id="71f2e842-2fa3-1678-e2b4-98c847ff99ce">
      <Execution id="81f4a55f-080b-497c-8ae5-f95bc26f5452" />
      <TestMethod codeBase="C:\Users\LeviAlves\source\repos\PortaIDSFlTestes\PortaIDSFlTestes\bin\Debug\net8.0\PortaIDSFTestes.dll" adapterTypeName="executor://nunit3testexecutor/" className="PortaIDSFTestes.testes.LoginTest" name="naoDeveRealizarLoginComSenhaInvalidaNivelDenver" />
    </UnitTest>
    <UnitTest name="naoDeveRealizarLoginComSenhaInvalidaNivelInterno" storage="c:\users\levialves\source\repos\portaidsfltestes\portaidsfltestes\bin\debug\net8.0\portaidsftestes.dll" id="990ee1b5-5699-11c3-0084-2068eb2a0b29">
      <Execution id="3146a125-7450-4bb0-b7fb-c6ba470ad0db" />
      <TestMethod codeBase="C:\Users\LeviAlves\source\repos\PortaIDSFlTestes\PortaIDSFlTestes\bin\Debug\net8.0\PortaIDSFTestes.dll" adapterTypeName="executor://nunit3testexecutor/" className="PortaIDSFTestes.testes.LoginTest" name="naoDeveRealizarLoginComSenhaInvalidaNivelInterno" />
    </UnitTest>
    <UnitTest name="naoDeveConterAcentosQuebrados" storage="c:\users\levialves\source\repos\portaidsfltestes\portaidsfltestes\bin\debug\net8.0\portaidsftestes.dll" id="038ec7e6-c0f5-7861-6c75-c3ff7cc61e1b">
      <Execution id="709f0254-8741-4900-892c-b49aa0e9ba45" />
      <TestMethod codeBase="C:\Users\LeviAlves\source\repos\PortaIDSFlTestes\PortaIDSFlTestes\bin\Debug\net8.0\PortaIDSFTestes.dll" adapterTypeName="executor://nunit3testexecutor/" className="PortaIDSFTestes.testes.LoginTest" name="naoDeveConterAcentosQuebrados" />
    </UnitTest>
    <UnitTest name="deveRealizarLoginComSucessoNivelGestora" storage="c:\users\levialves\source\repos\portaidsfltestes\portaidsfltestes\bin\debug\net8.0\portaidsftestes.dll" id="48931902-a30a-380e-c91f-ebf7def70234">
      <Execution id="8f451899-ca7d-436b-bb20-40fad5039e36" />
      <TestMethod codeBase="C:\Users\LeviAlves\source\repos\PortaIDSFlTestes\PortaIDSFlTestes\bin\Debug\net8.0\PortaIDSFTestes.dll" adapterTypeName="executor://nunit3testexecutor/" className="PortaIDSFTestes.testes.LoginTest" name="deveRealizarLoginComSucessoNivelGestora" />
    </UnitTest>
  </TestDefinitions>
  <TestEntries>
    <TestEntry testId="c05cfefa-ca99-57bf-f352-341eae158773" executionId="83e1d7a6-b821-4681-9c5d-7ddf5c9e2f6c" testListId="8c84fa94-04c1-424b-9868-57a2d4851a1d" />
    <TestEntry testId="2e02976e-b95f-6c0a-2e12-b918f1a8c395" executionId="d7451794-19e5-4b00-ab21-081b2f2b0795" testListId="8c84fa94-04c1-424b-9868-57a2d4851a1d" />
    <TestEntry testId="990ee1b5-5699-11c3-0084-2068eb2a0b29" executionId="3146a125-7450-4bb0-b7fb-c6ba470ad0db" testListId="8c84fa94-04c1-424b-9868-57a2d4851a1d" />
    <TestEntry testId="48931902-a30a-380e-c91f-ebf7def70234" executionId="8f451899-ca7d-436b-bb20-40fad5039e36" testListId="8c84fa94-04c1-424b-9868-57a2d4851a1d" />
    <TestEntry testId="7a8b8c5a-4e00-c699-814e-d84e52a4f4b5" executionId="b42eb116-08a9-4530-9c51-3b7a0e008b3e" testListId="8c84fa94-04c1-424b-9868-57a2d4851a1d" />
    <TestEntry testId="f3b6e8e8-05a9-9bbd-eb47-f5d88ed47e20" executionId="0c7ab218-c8c3-4698-9c40-d387ce8b8e78" testListId="8c84fa94-04c1-424b-9868-57a2d4851a1d" />
    <TestEntry testId="71f2e842-2fa3-1678-e2b4-98c847ff99ce" executionId="81f4a55f-080b-497c-8ae5-f95bc26f5452" testListId="8c84fa94-04c1-424b-9868-57a2d4851a1d" />
    <TestEntry testId="1d5e5a3e-193b-5be3-7dc7-a85ea73ac199" executionId="7f1b365e-1f06-406f-b58a-40f950e1748e" testListId="8c84fa94-04c1-424b-9868-57a2d4851a1d" />
    <TestEntry testId="038ec7e6-c0f5-7861-6c75-c3ff7cc61e1b" executionId="709f0254-8741-4900-892c-b49aa0e9ba45" testListId="8c84fa94-04c1-424b-9868-57a2d4851a1d" />
  </TestEntries>
  <TestLists>
    <TestList name="Resultados que não estão em uma lista" id="8c84fa94-04c1-424b-9868-57a2d4851a1d" />
    <TestList name="Todos os resultados carregados" id="19431567-8539-422a-85d7-44ee4e166bda" />
  </TestLists>
  <ResultSummary outcome="Failed">
    <Counters total="9" executed="9" passed="6" failed="3" error="0" timeout="0" aborted="0" inconclusive="0" passedButRunAborted="0" notRunnable="0" notExecuted="0" disconnected="0" warning="0" completed="0" inProgress="0" pending="0" />
    <Output>
      <StdOut>NUnit Adapter 4.5.0.0: Test execution started&#xD;
Running all tests in C:\Users\LeviAlves\source\repos\PortaIDSFlTestes\PortaIDSFlTestes\bin\Debug\net8.0\PortaIDSFTestes.dll&#xD;
   NUnit3TestExecutor discovered 9 of 9 NUnit test cases using Current Discovery mode, Non-Explicit run&#xD;
NUnit Adapter 4.5.0.0: Test execution complete&#xD;
</StdOut>
    </Output>
  </ResultSummary>
</TestRun>