{"uid":"2cca781a41ec2887","name":"Deve Cadastrar Cedente E Ativar Cedente","fullName":"PortalIDSFTestes:PortalIDSFTestes.testes.cedentes.CedentesTest.Deve_Cadastrar_Cedente_E_Ativar_Cedente()","historyId":"bf6df09d1bdf6fa9b80a31910c833a9a","time":{"start":1765410682652,"stop":1765410735718,"duration":53066},"status":"broken","statusMessage":"Microsoft.Playwright.PlaywrightException : ❌ Não foi possível encontrar/validar o elemento '//div[@class='toast toast-success']' no passo: 'Validar mensagem Ação realizada com sucesso presente na tela'. Detalhes: Timeout 30000ms exceeded.\nCall log:\n  - waiting for Locator(\"//div[@class='toast toast-success']\") to be visible","statusTrace":"   at PortalIDSFTestes.metodos.Utils.ValidarMsgRetornada(String locator, String passo) in D:\\Azure\\Agent\\zportal-idsf-hmg\\_work\\19\\s\\PortalIDSFTestes\\metodos\\Utils.cs:line 100\r\n   at Allure.Net.Commons.Steps.AllureAbstractStepAspect.WrapAsync(Func`2 target, Object[] args, MethodBase metadata, Lazy`1 stepName, Lazy`1 stepParameters)\r\n   at PortalIDSFTestes.pages.cedentes.CedentesPage.CadastrarCedente(String Cedente) in D:\\Azure\\Agent\\zportal-idsf-hmg\\_work\\19\\s\\PortalIDSFTestes\\pages\\cedentes\\CedentesPage.cs:line 51\r\n   at Allure.Net.Commons.Steps.AllureAbstractStepAspect.WrapAsync(Func`2 target, Object[] args, MethodBase metadata, Lazy`1 stepName, Lazy`1 stepParameters)\r\n   at PortalIDSFTestes.testes.cedentes.CedentesTest.Deve_Cadastrar_Cedente_E_Ativar_Cedente() in D:\\Azure\\Agent\\zportal-idsf-hmg\\_work\\19\\s\\PortalIDSFTestes\\testes\\cedentes\\CedentesTest.cs:line 69\r\n   at NUnit.Framework.Internal.TaskAwaitAdapter.GenericAdapter`1.BlockUntilCompleted()\r\n   at NUnit.Framework.Internal.MessagePumpStrategy.NoMessagePumpStrategy.WaitForCompletion(AwaitAdapter awaiter)\r\n   at NUnit.Framework.Internal.AsyncToSyncAdapter.Await(Func`1 invoke)\r\n   at NUnit.Framework.Internal.Commands.TestMethodCommand.RunTestMethod(TestExecutionContext context)\r\n   at NUnit.Framework.Internal.Commands.TestMethodCommand.Execute(TestExecutionContext context)\r\n   at NUnit.Framework.Internal.Commands.BeforeAndAfterTestCommand.<>c__DisplayClass1_0.<Execute>b__0()\r\n   at NUnit.Framework.Internal.Commands.DelegatingTestCommand.RunTestMethodInThreadAbortSafeZone(TestExecutionContext context, Action action)","flaky":false,"newFailed":false,"newBroken":false,"newPassed":false,"retriesCount":0,"retriesStatusChange":false,"beforeStages":[{"name":"Setup","time":{"start":1765410682652,"stop":1765410695017,"duration":12365},"status":"passed","steps":[{"name":"Escrever - no passo: \"Inserir Email para Login\"","time":{"start":1765410687849,"stop":1765410688882,"duration":1033},"status":"passed","steps":[],"attachments":[],"parameters":[{"name":"locator","value":"\"#email\""},{"name":"texto","value":"\"qazitec01@gmail.com\""},{"name":"passo","value":"\"Inserir Email para Login\""}],"stepsCount":0,"hasContent":true,"attachmentStep":false,"shouldDisplayMessage":false,"attachmentsCount":0},{"name":"Escrever - no passo: \"Inserir Senha para Login\"","time":{"start":1765410688883,"stop":1765410689087,"duration":204},"status":"passed","steps":[],"attachments":[],"parameters":[{"name":"locator","value":"\"#password\""},{"name":"texto","value":"\"Testeqa01?!\""},{"name":"passo","value":"\"Inserir Senha para Login\""}],"stepsCount":0,"hasContent":true,"attachmentStep":false,"shouldDisplayMessage":false,"attachmentsCount":0},{"name":"Clicar - no passo: \"Clicar no Botão Para Realizar Login\"","time":{"start":1765410689088,"stop":1765410689563,"duration":475},"status":"passed","steps":[],"attachments":[],"parameters":[{"name":"locator","value":"\"//button[text()='Entrar']\""},{"name":"passo","value":"\"Clicar no Botão Para Realizar Login\""}],"stepsCount":0,"hasContent":true,"attachmentStep":false,"shouldDisplayMessage":false,"attachmentsCount":0},{"name":"Clicar - no passo: \"Clicar na sessão cedentes no menú hamburguer\"","time":{"start":1765410689563,"stop":1765410693754,"duration":4191},"status":"passed","steps":[],"attachments":[],"parameters":[{"name":"locator","value":"\"(//a[@class='nav-link']//p[text()='Cedentes'])[1]\""},{"name":"passo","value":"\"Clicar na sessão cedentes no menú hamburguer\""}],"stepsCount":0,"hasContent":true,"attachmentStep":false,"shouldDisplayMessage":false,"attachmentsCount":0},{"name":"Clicar - no passo: \"Clicar na página cedentes\"","time":{"start":1765410693754,"stop":1765410694441,"duration":687},"status":"passed","steps":[],"attachments":[],"parameters":[{"name":"locator","value":"\"//a[@href='/Cedentes.aspx']\""},{"name":"passo","value":"\"Clicar na página cedentes\""}],"stepsCount":0,"hasContent":true,"attachmentStep":false,"shouldDisplayMessage":false,"attachmentsCount":0}],"attachments":[],"parameters":[],"stepsCount":5,"hasContent":true,"attachmentStep":false,"shouldDisplayMessage":false,"attachmentsCount":0}],"testStage":{"status":"broken","statusMessage":"Microsoft.Playwright.PlaywrightException : ❌ Não foi possível encontrar/validar o elemento '//div[@class='toast toast-success']' no passo: 'Validar mensagem Ação realizada com sucesso presente na tela'. Detalhes: Timeout 30000ms exceeded.\nCall log:\n  - waiting for Locator(\"//div[@class='toast toast-success']\") to be visible","statusTrace":"   at PortalIDSFTestes.metodos.Utils.ValidarMsgRetornada(String locator, String passo) in D:\\Azure\\Agent\\zportal-idsf-hmg\\_work\\19\\s\\PortalIDSFTestes\\metodos\\Utils.cs:line 100\r\n   at Allure.Net.Commons.Steps.AllureAbstractStepAspect.WrapAsync(Func`2 target, Object[] args, MethodBase metadata, Lazy`1 stepName, Lazy`1 stepParameters)\r\n   at PortalIDSFTestes.pages.cedentes.CedentesPage.CadastrarCedente(String Cedente) in D:\\Azure\\Agent\\zportal-idsf-hmg\\_work\\19\\s\\PortalIDSFTestes\\pages\\cedentes\\CedentesPage.cs:line 51\r\n   at Allure.Net.Commons.Steps.AllureAbstractStepAspect.WrapAsync(Func`2 target, Object[] args, MethodBase metadata, Lazy`1 stepName, Lazy`1 stepParameters)\r\n   at PortalIDSFTestes.testes.cedentes.CedentesTest.Deve_Cadastrar_Cedente_E_Ativar_Cedente() in D:\\Azure\\Agent\\zportal-idsf-hmg\\_work\\19\\s\\PortalIDSFTestes\\testes\\cedentes\\CedentesTest.cs:line 69\r\n   at NUnit.Framework.Internal.TaskAwaitAdapter.GenericAdapter`1.BlockUntilCompleted()\r\n   at NUnit.Framework.Internal.MessagePumpStrategy.NoMessagePumpStrategy.WaitForCompletion(AwaitAdapter awaiter)\r\n   at NUnit.Framework.Internal.AsyncToSyncAdapter.Await(Func`1 invoke)\r\n   at NUnit.Framework.Internal.Commands.TestMethodCommand.RunTestMethod(TestExecutionContext context)\r\n   at NUnit.Framework.Internal.Commands.TestMethodCommand.Execute(TestExecutionContext context)\r\n   at NUnit.Framework.Internal.Commands.BeforeAndAfterTestCommand.<>c__DisplayClass1_0.<Execute>b__0()\r\n   at NUnit.Framework.Internal.Commands.DelegatingTestCommand.RunTestMethodInThreadAbortSafeZone(TestExecutionContext context, Action action)","steps":[{"name":"Cadastrar Cedente","time":{"start":1765410695018,"stop":1765410728125,"duration":33107},"status":"broken","statusMessage":"❌ Não foi possível encontrar/validar o elemento '//div[@class='toast toast-success']' no passo: 'Validar mensagem Ação realizada com sucesso presente na tela'. Detalhes: Timeout 30000ms exceeded.\nCall log:\n  - waiting for Locator(\"//div[@class='toast toast-success']\") to be visible","statusTrace":"Microsoft.Playwright.PlaywrightException: ❌ Não foi possível encontrar/validar o elemento '//div[@class='toast toast-success']' no passo: 'Validar mensagem Ação realizada com sucesso presente na tela'. Detalhes: Timeout 30000ms exceeded.\nCall log:\n  - waiting for Locator(\"//div[@class='toast toast-success']\") to be visible\r\n   at PortalIDSFTestes.metodos.Utils.ValidarMsgRetornada(String locator, String passo) in D:\\Azure\\Agent\\zportal-idsf-hmg\\_work\\19\\s\\PortalIDSFTestes\\metodos\\Utils.cs:line 100\r\n   at Allure.Net.Commons.Steps.AllureAbstractStepAspect.WrapAsync(Func`2 target, Object[] args, MethodBase metadata, Lazy`1 stepName, Lazy`1 stepParameters)\r\n   at PortalIDSFTestes.pages.cedentes.CedentesPage.CadastrarCedente(String Cedente) in D:\\Azure\\Agent\\zportal-idsf-hmg\\_work\\19\\s\\PortalIDSFTestes\\pages\\cedentes\\CedentesPage.cs:line 51\r\n   at Allure.Net.Commons.Steps.AllureAbstractStepAspect.WrapAsync(Func`2 target, Object[] args, MethodBase metadata, Lazy`1 stepName, Lazy`1 stepParameters)","steps":[{"name":"Clicar - no passo: \"Clicar no botão para cadastrar novo Cedente.\"","time":{"start":1765410695022,"stop":1765410697862,"duration":2840},"status":"passed","steps":[],"attachments":[],"parameters":[{"name":"locator","value":"\"#btonNovoCedente\""},{"name":"passo","value":"\"Clicar no botão para cadastrar novo Cedente.\""}],"stepsCount":0,"hasContent":true,"attachmentStep":false,"shouldDisplayMessage":false,"attachmentsCount":0},{"name":"Validar mensagem retornada - no passo: \"Validar mensagem Ação realizada com sucesso presente na tela\"","time":{"start":1765410697904,"stop":1765410728124,"duration":30220},"status":"broken","statusMessage":"❌ Não foi possível encontrar/validar o elemento '//div[@class='toast toast-success']' no passo: 'Validar mensagem Ação realizada com sucesso presente na tela'. Detalhes: Timeout 30000ms exceeded.\nCall log:\n  - waiting for Locator(\"//div[@class='toast toast-success']\") to be visible","statusTrace":"Microsoft.Playwright.PlaywrightException: ❌ Não foi possível encontrar/validar o elemento '//div[@class='toast toast-success']' no passo: 'Validar mensagem Ação realizada com sucesso presente na tela'. Detalhes: Timeout 30000ms exceeded.\nCall log:\n  - waiting for Locator(\"//div[@class='toast toast-success']\") to be visible\r\n   at PortalIDSFTestes.metodos.Utils.ValidarMsgRetornada(String locator, String passo) in D:\\Azure\\Agent\\zportal-idsf-hmg\\_work\\19\\s\\PortalIDSFTestes\\metodos\\Utils.cs:line 100\r\n   at Allure.Net.Commons.Steps.AllureAbstractStepAspect.WrapAsync(Func`2 target, Object[] args, MethodBase metadata, Lazy`1 stepName, Lazy`1 stepParameters)","steps":[],"attachments":[],"parameters":[{"name":"locator","value":"\"//div[@class='toast toast-success']\""},{"name":"passo","value":"\"Validar mensagem Ação realizada com sucesso presente na tela\""}],"stepsCount":0,"hasContent":true,"attachmentStep":false,"shouldDisplayMessage":true,"attachmentsCount":0}],"attachments":[],"parameters":[{"name":"Cedente","value":"\"52.721.175/0001-91\""}],"stepsCount":2,"hasContent":true,"attachmentStep":false,"shouldDisplayMessage":false,"attachmentsCount":0}],"attachments":[{"uid":"b09360a16c5e6b25","name":"Console Output","source":"b09360a16c5e6b25.txt","type":"text/plain","size":147}],"parameters":[],"stepsCount":3,"hasContent":true,"attachmentStep":false,"shouldDisplayMessage":true,"attachmentsCount":1},"afterStages":[{"name":"TearDown","time":{"start":1765410728126,"stop":1765410735718,"duration":7592},"status":"passed","steps":[],"attachments":[{"uid":"2fa656360a16252a","name":"Video - Failed","source":"2fa656360a16252a.webm","type":"video/mp4","size":2433593}],"parameters":[],"stepsCount":0,"hasContent":true,"attachmentStep":false,"shouldDisplayMessage":false,"attachmentsCount":1}],"labels":[{"name":"thread","value":"ParallelWorker#2"},{"name":"host","value":"EC2AMAZ-K8U3TFB"},{"name":"language","value":"C#"},{"name":"framework","value":"NUnit"},{"name":"package","value":"PortalIDSFTestes.testes.cedentes.CedentesTest"},{"name":"testMethod","value":"Deve_Cadastrar_Cedente_E_Ativar_Cedente"},{"name":"testClass","value":"CedentesTest"},{"name":"suite","value":"CedentesTest UI"},{"name":"owner","value":"Levi"},{"name":"tag","value":"Suíte: Cedentes"},{"name":"tag","value":"Criticidade: Crítica"},{"name":"tag","value":"Regressivos"},{"name":"resultFormat","value":"allure2"}],"parameters":[],"links":[],"hidden":false,"retry":false,"extra":{"severity":"normal","owner":"Levi","retries":[],"categories":[{"name":"Test defects","matchedStatuses":[],"flaky":false}],"tags":["Criticidade: Crítica","Regressivos","Suíte: Cedentes"]},"source":"2cca781a41ec2887.json","parameterValues":[]}