{"uid":"74f8c3d3822bc1ff","name":"Nao Deve Conter Acentos Quebrados Operacoes","fullName":"PortalIDSFTestes:PortalIDSFTestes.testes.operacoes.OperacoesTest.Nao_Deve_Conter_Acentos_Quebrados()","historyId":"c96915c0b22bb7ae2589236f4312afe8","time":{"start":1766498746868,"stop":1766498844227,"duration":97359},"status":"broken","statusMessage":"Microsoft.Playwright.PlaywrightException : Não foi possivel Clicar no Elemento: //button[text()='Entrar'] no passo: Clicar no Botão Para Realizar LoginDetalhes Locator expected to be visible \nCall log:\n  - Expect \"ToBeVisibleAsync\" with timeout 90000ms\n  - waiting for Locator(\"//button[text()='Entrar']\")","statusTrace":"   at PortalIDSFTestes.metodos.Utils.Clicar(String locator, String passo) in D:\\Azure\\Agent\\zportal-idsf-hmg\\_work\\19\\s\\PortalIDSFTestes\\metodos\\Utils.cs:line 74\r\n   at Allure.Net.Commons.Steps.AllureAbstractStepAspect.WrapAsync(Func`2 target, Object[] args, MethodBase metadata, Lazy`1 stepName, Lazy`1 stepParameters)\r\n   at PortalIDSFTestes.pages.login.LoginPage.LogarInterno() in D:\\Azure\\Agent\\zportal-idsf-hmg\\_work\\19\\s\\PortalIDSFTestes\\pages\\login\\LoginPage.cs:line 47\r\n   at PortalIDSFTestes.testes.operacoes.OperacoesTest.Setup() in D:\\Azure\\Agent\\zportal-idsf-hmg\\_work\\19\\s\\PortalIDSFTestes\\testes\\operacoes\\OperacoesTest.cs:line 32\r\n   at Allure.Net.Commons.Steps.AllureAbstractStepAspect.WrapAsync(Func`2 target, Object[] args, MethodBase metadata, Lazy`1 stepName, Lazy`1 stepParameters)\r\n   at NUnit.Framework.Internal.TaskAwaitAdapter.GenericAdapter`1.BlockUntilCompleted()\r\n   at NUnit.Framework.Internal.MessagePumpStrategy.NoMessagePumpStrategy.WaitForCompletion(AwaitAdapter awaiter)\r\n   at NUnit.Framework.Internal.AsyncToSyncAdapter.Await(Func`1 invoke)\r\n   at NUnit.Framework.Internal.Commands.SetUpTearDownItem.RunSetUpOrTearDownMethod(TestExecutionContext context, IMethodInfo method)\r\n   at NUnit.Framework.Internal.Commands.SetUpTearDownItem.RunSetUp(TestExecutionContext context)\r\n   at NUnit.Framework.Internal.Commands.SetUpTearDownCommand.<>c__DisplayClass0_0.<.ctor>b__0(TestExecutionContext context)\r\n   at NUnit.Framework.Internal.Commands.BeforeAndAfterTestCommand.<>c__DisplayClass1_0.<Execute>b__0()\r\n   at NUnit.Framework.Internal.Commands.DelegatingTestCommand.RunTestMethodInThreadAbortSafeZone(TestExecutionContext context, Action action)","flaky":false,"newFailed":false,"newBroken":false,"newPassed":false,"retriesCount":0,"retriesStatusChange":false,"beforeStages":[{"name":"Setup","time":{"start":1766498746868,"stop":1766498842922,"duration":96054},"status":"broken","statusMessage":"Não foi possivel Clicar no Elemento: //button[text()='Entrar'] no passo: Clicar no Botão Para Realizar LoginDetalhes Locator expected to be visible \nCall log:\n  - Expect \"ToBeVisibleAsync\" with timeout 90000ms\n  - waiting for Locator(\"//button[text()='Entrar']\")","statusTrace":"Microsoft.Playwright.PlaywrightException: Não foi possivel Clicar no Elemento: //button[text()='Entrar'] no passo: Clicar no Botão Para Realizar LoginDetalhes Locator expected to be visible \nCall log:\n  - Expect \"ToBeVisibleAsync\" with timeout 90000ms\n  - waiting for Locator(\"//button[text()='Entrar']\")\r\n   at PortalIDSFTestes.metodos.Utils.Clicar(String locator, String passo) in D:\\Azure\\Agent\\zportal-idsf-hmg\\_work\\19\\s\\PortalIDSFTestes\\metodos\\Utils.cs:line 74\r\n   at Allure.Net.Commons.Steps.AllureAbstractStepAspect.WrapAsync(Func`2 target, Object[] args, MethodBase metadata, Lazy`1 stepName, Lazy`1 stepParameters)\r\n   at PortalIDSFTestes.pages.login.LoginPage.LogarInterno() in D:\\Azure\\Agent\\zportal-idsf-hmg\\_work\\19\\s\\PortalIDSFTestes\\pages\\login\\LoginPage.cs:line 47\r\n   at PortalIDSFTestes.testes.operacoes.OperacoesTest.Setup() in D:\\Azure\\Agent\\zportal-idsf-hmg\\_work\\19\\s\\PortalIDSFTestes\\testes\\operacoes\\OperacoesTest.cs:line 32\r\n   at Allure.Net.Commons.Steps.AllureAbstractStepAspect.WrapAsync(Func`2 target, Object[] args, MethodBase metadata, Lazy`1 stepName, Lazy`1 stepParameters)","steps":[{"name":"Clicar - no passo: \"Clicar no Botão Para Realizar Login\"","time":{"start":1766498752353,"stop":1766498842922,"duration":90569},"status":"broken","statusMessage":"Não foi possivel Clicar no Elemento: //button[text()='Entrar'] no passo: Clicar no Botão Para Realizar LoginDetalhes Locator expected to be visible \nCall log:\n  - Expect \"ToBeVisibleAsync\" with timeout 90000ms\n  - waiting for Locator(\"//button[text()='Entrar']\")","statusTrace":"Microsoft.Playwright.PlaywrightException: Não foi possivel Clicar no Elemento: //button[text()='Entrar'] no passo: Clicar no Botão Para Realizar LoginDetalhes Locator expected to be visible \nCall log:\n  - Expect \"ToBeVisibleAsync\" with timeout 90000ms\n  - waiting for Locator(\"//button[text()='Entrar']\")\r\n   at PortalIDSFTestes.metodos.Utils.Clicar(String locator, String passo) in D:\\Azure\\Agent\\zportal-idsf-hmg\\_work\\19\\s\\PortalIDSFTestes\\metodos\\Utils.cs:line 74\r\n   at Allure.Net.Commons.Steps.AllureAbstractStepAspect.WrapAsync(Func`2 target, Object[] args, MethodBase metadata, Lazy`1 stepName, Lazy`1 stepParameters)","steps":[],"attachments":[],"parameters":[{"name":"locator","value":"\"//button[text()='Entrar']\""},{"name":"passo","value":"\"Clicar no Botão Para Realizar Login\""}],"stepsCount":0,"attachmentStep":false,"hasContent":true,"shouldDisplayMessage":true,"attachmentsCount":0}],"attachments":[],"parameters":[],"stepsCount":1,"attachmentStep":false,"hasContent":true,"shouldDisplayMessage":false,"attachmentsCount":0}],"testStage":{"status":"broken","statusMessage":"Microsoft.Playwright.PlaywrightException : Não foi possivel Clicar no Elemento: //button[text()='Entrar'] no passo: Clicar no Botão Para Realizar LoginDetalhes Locator expected to be visible \nCall log:\n  - Expect \"ToBeVisibleAsync\" with timeout 90000ms\n  - waiting for Locator(\"//button[text()='Entrar']\")","statusTrace":"   at PortalIDSFTestes.metodos.Utils.Clicar(String locator, String passo) in D:\\Azure\\Agent\\zportal-idsf-hmg\\_work\\19\\s\\PortalIDSFTestes\\metodos\\Utils.cs:line 74\r\n   at Allure.Net.Commons.Steps.AllureAbstractStepAspect.WrapAsync(Func`2 target, Object[] args, MethodBase metadata, Lazy`1 stepName, Lazy`1 stepParameters)\r\n   at PortalIDSFTestes.pages.login.LoginPage.LogarInterno() in D:\\Azure\\Agent\\zportal-idsf-hmg\\_work\\19\\s\\PortalIDSFTestes\\pages\\login\\LoginPage.cs:line 47\r\n   at PortalIDSFTestes.testes.operacoes.OperacoesTest.Setup() in D:\\Azure\\Agent\\zportal-idsf-hmg\\_work\\19\\s\\PortalIDSFTestes\\testes\\operacoes\\OperacoesTest.cs:line 32\r\n   at Allure.Net.Commons.Steps.AllureAbstractStepAspect.WrapAsync(Func`2 target, Object[] args, MethodBase metadata, Lazy`1 stepName, Lazy`1 stepParameters)\r\n   at NUnit.Framework.Internal.TaskAwaitAdapter.GenericAdapter`1.BlockUntilCompleted()\r\n   at NUnit.Framework.Internal.MessagePumpStrategy.NoMessagePumpStrategy.WaitForCompletion(AwaitAdapter awaiter)\r\n   at NUnit.Framework.Internal.AsyncToSyncAdapter.Await(Func`1 invoke)\r\n   at NUnit.Framework.Internal.Commands.SetUpTearDownItem.RunSetUpOrTearDownMethod(TestExecutionContext context, IMethodInfo method)\r\n   at NUnit.Framework.Internal.Commands.SetUpTearDownItem.RunSetUp(TestExecutionContext context)\r\n   at NUnit.Framework.Internal.Commands.SetUpTearDownCommand.<>c__DisplayClass0_0.<.ctor>b__0(TestExecutionContext context)\r\n   at NUnit.Framework.Internal.Commands.BeforeAndAfterTestCommand.<>c__DisplayClass1_0.<Execute>b__0()\r\n   at NUnit.Framework.Internal.Commands.DelegatingTestCommand.RunTestMethodInThreadAbortSafeZone(TestExecutionContext context, Action action)","steps":[],"attachments":[{"uid":"1ee18a4e72b0da28","name":"Console Output","source":"1ee18a4e72b0da28.txt","type":"text/plain","size":143}],"parameters":[],"stepsCount":0,"attachmentStep":false,"hasContent":true,"shouldDisplayMessage":true,"attachmentsCount":1},"afterStages":[{"name":"TearDown","time":{"start":1766498842923,"stop":1766498844225,"duration":1302},"status":"passed","steps":[],"attachments":[{"uid":"2e2da0ac52bbe09b","name":"Video - Failed","source":"2e2da0ac52bbe09b.webm","type":"video/mp4","size":1048961}],"parameters":[],"stepsCount":0,"attachmentStep":false,"hasContent":true,"shouldDisplayMessage":false,"attachmentsCount":1}],"labels":[{"name":"thread","value":"ParallelWorker#2"},{"name":"host","value":"EC2AMAZ-K8U3TFB"},{"name":"language","value":"C#"},{"name":"framework","value":"NUnit"},{"name":"package","value":"PortalIDSFTestes.testes.operacoes.OperacoesTest"},{"name":"testMethod","value":"Nao_Deve_Conter_Acentos_Quebrados"},{"name":"testClass","value":"OperacoesTest"},{"name":"tag","value":"Regressivos"},{"name":"suite","value":"OperacoesTest UI"},{"name":"owner","value":"Levi"},{"name":"tag","value":"Suíte: Operações"},{"name":"tag","value":"Criticidade: Crítica"},{"name":"tag","value":"Regressivos"},{"name":"resultFormat","value":"allure2"}],"parameters":[],"links":[],"hidden":false,"retry":false,"extra":{"severity":"normal","owner":"Levi","retries":[],"categories":[{"name":"Test defects","matchedStatuses":[],"flaky":false}],"tags":["Suíte: Operações","Criticidade: Crítica","Regressivos"]},"source":"74f8c3d3822bc1ff.json","parameterValues":[]}