{"uid":"a3530b4209dd393f","name":"Nao Deve Conter Acentos Quebrados Pagamentos Notas","fullName":"PortalIDSFTestes:PortalIDSFTestes.testes.notas.PagamentosNotasTests.Nao_Deve_Conter_Acentos_Quebrados()","historyId":"994aa9148a5c9e7a331ca09ba718ebf8","time":{"start":1767723374063,"stop":1767723505515,"duration":131452},"status":"broken","statusMessage":"Microsoft.Playwright.PlaywrightException : Não foi possivel Clicar no Elemento: (//p[text()='Pagamentos Notas'])[1] no passo: Clicar na página Pagamentos notasDetalhes Locator expected to be visible \nCall log:\n  - Expect \"ToBeVisibleAsync\" with timeout 90000ms\n  - waiting for Locator(\"xpath=(//p[text()='Pagamentos Notas'])[1]\")","statusTrace":"   at PortalIDSFTestes.metodos.Utils.Clicar(String locator, String passo) in D:\\Azure\\Agent\\zportal-idsf-hmg\\_work\\19\\s\\PortalIDSFTestes\\metodos\\Utils.cs:line 74\r\n   at Allure.Net.Commons.Steps.AllureAbstractStepAspect.WrapAsync(Func`2 target, Object[] args, MethodBase metadata, Lazy`1 stepName, Lazy`1 stepParameters)\r\n   at PortalIDSFTestes.testes.notas.PagamentosNotasTests.Setup() in D:\\Azure\\Agent\\zportal-idsf-hmg\\_work\\19\\s\\PortalIDSFTestes\\testes\\notas\\PagamentosNotasTests.cs:line 33\r\n   at Allure.Net.Commons.Steps.AllureAbstractStepAspect.WrapAsync(Func`2 target, Object[] args, MethodBase metadata, Lazy`1 stepName, Lazy`1 stepParameters)\r\n   at NUnit.Framework.Internal.TaskAwaitAdapter.GenericAdapter`1.BlockUntilCompleted()\r\n   at NUnit.Framework.Internal.MessagePumpStrategy.NoMessagePumpStrategy.WaitForCompletion(AwaitAdapter awaiter)\r\n   at NUnit.Framework.Internal.AsyncToSyncAdapter.Await(Func`1 invoke)\r\n   at NUnit.Framework.Internal.Commands.SetUpTearDownItem.RunSetUpOrTearDownMethod(TestExecutionContext context, IMethodInfo method)\r\n   at NUnit.Framework.Internal.Commands.SetUpTearDownItem.RunSetUp(TestExecutionContext context)\r\n   at NUnit.Framework.Internal.Commands.SetUpTearDownCommand.<>c__DisplayClass0_0.<.ctor>b__0(TestExecutionContext context)\r\n   at NUnit.Framework.Internal.Commands.BeforeAndAfterTestCommand.<>c__DisplayClass1_0.<Execute>b__0()\r\n   at NUnit.Framework.Internal.Commands.DelegatingTestCommand.RunTestMethodInThreadAbortSafeZone(TestExecutionContext context, Action action)","flaky":false,"newFailed":false,"newBroken":false,"newPassed":false,"retriesCount":0,"retriesStatusChange":false,"beforeStages":[{"name":"Setup","time":{"start":1767723374063,"stop":1767723471768,"duration":97705},"status":"broken","statusMessage":"Não foi possivel Clicar no Elemento: (//p[text()='Pagamentos Notas'])[1] no passo: Clicar na página Pagamentos notasDetalhes Locator expected to be visible \nCall log:\n  - Expect \"ToBeVisibleAsync\" with timeout 90000ms\n  - waiting for Locator(\"xpath=(//p[text()='Pagamentos Notas'])[1]\")","statusTrace":"Microsoft.Playwright.PlaywrightException: Não foi possivel Clicar no Elemento: (//p[text()='Pagamentos Notas'])[1] no passo: Clicar na página Pagamentos notasDetalhes Locator expected to be visible \nCall log:\n  - Expect \"ToBeVisibleAsync\" with timeout 90000ms\n  - waiting for Locator(\"xpath=(//p[text()='Pagamentos Notas'])[1]\")\r\n   at PortalIDSFTestes.metodos.Utils.Clicar(String locator, String passo) in D:\\Azure\\Agent\\zportal-idsf-hmg\\_work\\19\\s\\PortalIDSFTestes\\metodos\\Utils.cs:line 74\r\n   at Allure.Net.Commons.Steps.AllureAbstractStepAspect.WrapAsync(Func`2 target, Object[] args, MethodBase metadata, Lazy`1 stepName, Lazy`1 stepParameters)\r\n   at PortalIDSFTestes.testes.notas.PagamentosNotasTests.Setup() in D:\\Azure\\Agent\\zportal-idsf-hmg\\_work\\19\\s\\PortalIDSFTestes\\testes\\notas\\PagamentosNotasTests.cs:line 33\r\n   at Allure.Net.Commons.Steps.AllureAbstractStepAspect.WrapAsync(Func`2 target, Object[] args, MethodBase metadata, Lazy`1 stepName, Lazy`1 stepParameters)","steps":[{"name":"Clicar - no passo: \"Clicar no Botão Para Realizar Login\"","time":{"start":1767723379658,"stop":1767723379706,"duration":48},"status":"passed","steps":[],"attachments":[],"parameters":[{"name":"locator","value":"\"//button[text()='Entrar']\""},{"name":"passo","value":"\"Clicar no Botão Para Realizar Login\""}],"attachmentsCount":0,"shouldDisplayMessage":false,"attachmentStep":false,"stepsCount":0,"hasContent":true},{"name":"Clicar - no passo: \"Clicar na sessão Notas no menú hamburguer\"","time":{"start":1767723379706,"stop":1767723381604,"duration":1898},"status":"passed","steps":[],"attachments":[],"parameters":[{"name":"locator","value":"\"(//a[@class='nav-link']//p[text()='Notas'])[1]\""},{"name":"passo","value":"\"Clicar na sessão Notas no menú hamburguer\""}],"attachmentsCount":0,"shouldDisplayMessage":false,"attachmentStep":false,"stepsCount":0,"hasContent":true},{"name":"Clicar - no passo: \"Clicar na página Pagamentos notas\"","time":{"start":1767723381605,"stop":1767723471768,"duration":90163},"status":"broken","statusMessage":"Não foi possivel Clicar no Elemento: (//p[text()='Pagamentos Notas'])[1] no passo: Clicar na página Pagamentos notasDetalhes Locator expected to be visible \nCall log:\n  - Expect \"ToBeVisibleAsync\" with timeout 90000ms\n  - waiting for Locator(\"xpath=(//p[text()='Pagamentos Notas'])[1]\")","statusTrace":"Microsoft.Playwright.PlaywrightException: Não foi possivel Clicar no Elemento: (//p[text()='Pagamentos Notas'])[1] no passo: Clicar na página Pagamentos notasDetalhes Locator expected to be visible \nCall log:\n  - Expect \"ToBeVisibleAsync\" with timeout 90000ms\n  - waiting for Locator(\"xpath=(//p[text()='Pagamentos Notas'])[1]\")\r\n   at PortalIDSFTestes.metodos.Utils.Clicar(String locator, String passo) in D:\\Azure\\Agent\\zportal-idsf-hmg\\_work\\19\\s\\PortalIDSFTestes\\metodos\\Utils.cs:line 74\r\n   at Allure.Net.Commons.Steps.AllureAbstractStepAspect.WrapAsync(Func`2 target, Object[] args, MethodBase metadata, Lazy`1 stepName, Lazy`1 stepParameters)","steps":[],"attachments":[],"parameters":[{"name":"locator","value":"\"(//p[text()='Pagamentos Notas'])[1]\""},{"name":"passo","value":"\"Clicar na página Pagamentos notas\""}],"attachmentsCount":0,"shouldDisplayMessage":true,"attachmentStep":false,"stepsCount":0,"hasContent":true}],"attachments":[],"parameters":[],"attachmentsCount":0,"shouldDisplayMessage":false,"attachmentStep":false,"stepsCount":3,"hasContent":true}],"testStage":{"status":"broken","statusMessage":"Microsoft.Playwright.PlaywrightException : Não foi possivel Clicar no Elemento: (//p[text()='Pagamentos Notas'])[1] no passo: Clicar na página Pagamentos notasDetalhes Locator expected to be visible \nCall log:\n  - Expect \"ToBeVisibleAsync\" with timeout 90000ms\n  - waiting for Locator(\"xpath=(//p[text()='Pagamentos Notas'])[1]\")","statusTrace":"   at PortalIDSFTestes.metodos.Utils.Clicar(String locator, String passo) in D:\\Azure\\Agent\\zportal-idsf-hmg\\_work\\19\\s\\PortalIDSFTestes\\metodos\\Utils.cs:line 74\r\n   at Allure.Net.Commons.Steps.AllureAbstractStepAspect.WrapAsync(Func`2 target, Object[] args, MethodBase metadata, Lazy`1 stepName, Lazy`1 stepParameters)\r\n   at PortalIDSFTestes.testes.notas.PagamentosNotasTests.Setup() in D:\\Azure\\Agent\\zportal-idsf-hmg\\_work\\19\\s\\PortalIDSFTestes\\testes\\notas\\PagamentosNotasTests.cs:line 33\r\n   at Allure.Net.Commons.Steps.AllureAbstractStepAspect.WrapAsync(Func`2 target, Object[] args, MethodBase metadata, Lazy`1 stepName, Lazy`1 stepParameters)\r\n   at NUnit.Framework.Internal.TaskAwaitAdapter.GenericAdapter`1.BlockUntilCompleted()\r\n   at NUnit.Framework.Internal.MessagePumpStrategy.NoMessagePumpStrategy.WaitForCompletion(AwaitAdapter awaiter)\r\n   at NUnit.Framework.Internal.AsyncToSyncAdapter.Await(Func`1 invoke)\r\n   at NUnit.Framework.Internal.Commands.SetUpTearDownItem.RunSetUpOrTearDownMethod(TestExecutionContext context, IMethodInfo method)\r\n   at NUnit.Framework.Internal.Commands.SetUpTearDownItem.RunSetUp(TestExecutionContext context)\r\n   at NUnit.Framework.Internal.Commands.SetUpTearDownCommand.<>c__DisplayClass0_0.<.ctor>b__0(TestExecutionContext context)\r\n   at NUnit.Framework.Internal.Commands.BeforeAndAfterTestCommand.<>c__DisplayClass1_0.<Execute>b__0()\r\n   at NUnit.Framework.Internal.Commands.DelegatingTestCommand.RunTestMethodInThreadAbortSafeZone(TestExecutionContext context, Action action)","steps":[],"attachments":[{"uid":"ac5f4d665cdf86b6","name":"Console Output","source":"ac5f4d665cdf86b6.txt","type":"text/plain","size":146}],"parameters":[],"attachmentsCount":1,"shouldDisplayMessage":true,"attachmentStep":false,"stepsCount":0,"hasContent":true},"afterStages":[{"name":"TearDown","time":{"start":1767723471769,"stop":1767723505514,"duration":33745},"status":"passed","steps":[],"attachments":[{"uid":"3710f24639c66f5c","name":"Video - Failed","source":"3710f24639c66f5c.webm","type":"video/mp4","size":3173879}],"parameters":[],"attachmentsCount":1,"shouldDisplayMessage":false,"attachmentStep":false,"stepsCount":0,"hasContent":true}],"labels":[{"name":"thread","value":"ParallelWorker#7"},{"name":"host","value":"EC2AMAZ-K8U3TFB"},{"name":"language","value":"C#"},{"name":"framework","value":"NUnit"},{"name":"package","value":"PortalIDSFTestes.testes.notas.PagamentosNotasTests"},{"name":"testMethod","value":"Nao_Deve_Conter_Acentos_Quebrados"},{"name":"testClass","value":"PagamentosNotasTests"},{"name":"tag","value":"Regressivos"},{"name":"suite","value":"PagamentosNotasTests UI"},{"name":"owner","value":"Levi"},{"name":"tag","value":"Suíte:  Pagamentos notas"},{"name":"tag","value":"Criticidade: Crítica"},{"name":"tag","value":"Regressivos"},{"name":"resultFormat","value":"allure2"}],"parameters":[],"links":[],"hidden":false,"retry":false,"extra":{"severity":"normal","owner":"Levi","retries":[],"categories":[{"name":"Test defects","matchedStatuses":[],"flaky":false}],"tags":["Criticidade: Crítica","Regressivos","Suíte:  Pagamentos notas"]},"source":"a3530b4209dd393f.json","parameterValues":[]}