{"uid":"a5a7ba34138e7517","name":"Deve_Enviar_Uma_Operacao_CSV","fullName":"PortalIDSFTestes:PortalIDSFTestes.testes.operacoes.OperacoesTest.Deve_Enviar_Uma_Operacao_CSV()","historyId":"d9a5cf76efd10aa78200faf146f5c4b8","time":{"start":1764166264150,"stop":1764166277134,"duration":12984},"status":"broken","statusMessage":"System.Exception : ❌ Erro ao enviar o arquivo no passo 'Enviar Arquivo CSV no Input':   ❌ Arquivo para envio não encontrado: \r\n  Expected: True\r\n  But was:  False\r\n\r\n  ----> NUnit.Framework.AssertionException :   ❌ Arquivo para envio não encontrado: \r\n  Expected: True\r\n  But was:  False\r\n\r\n\r\n  1)   ❌ Arquivo para envio não encontrado: \r\n  Expected: True\r\n  But was:  False\r\n\r\n","statusTrace":"   at PortalIDSFTestes.metodos.Utils.EnviarArquivo(String locator, String caminhoArquivo, String passo) in D:\\Azure\\Agent\\zportal-idsf-hmg\\_work\\19\\s\\PortalIDSFTestes\\metodos\\Utils.cs:line 425\r\n   at Allure.Net.Commons.Steps.AllureAbstractStepAspect.WrapAsync(Func`2 target, Object[] args, MethodBase metadata, Lazy`1 stepName, Lazy`1 stepParameters)\r\n   at PortalIDSFTestes.pages.operacoes.OperacoesPage.EnviarOperacaoCSV() in D:\\Azure\\Agent\\zportal-idsf-hmg\\_work\\19\\s\\PortalIDSFTestes\\pages\\operacoes\\OperacoesPage.cs:line 100\r\n   at PortalIDSFTestes.testes.operacoes.OperacoesTest.Deve_Enviar_Uma_Operacao_CSV() in D:\\Azure\\Agent\\zportal-idsf-hmg\\_work\\19\\s\\PortalIDSFTestes\\testes\\operacoes\\OperacoesTest.cs:line 90\r\n   at NUnit.Framework.Internal.TaskAwaitAdapter.GenericAdapter`1.BlockUntilCompleted()\r\n   at NUnit.Framework.Internal.MessagePumpStrategy.NoMessagePumpStrategy.WaitForCompletion(AwaitAdapter awaiter)\r\n   at NUnit.Framework.Internal.AsyncToSyncAdapter.Await(Func`1 invoke)\r\n   at NUnit.Framework.Internal.Commands.TestMethodCommand.RunTestMethod(TestExecutionContext context)\r\n   at NUnit.Framework.Internal.Commands.TestMethodCommand.Execute(TestExecutionContext context)\r\n   at NUnit.Framework.Internal.Commands.BeforeAndAfterTestCommand.<>c__DisplayClass1_0.<Execute>b__0()\r\n   at NUnit.Framework.Internal.Commands.DelegatingTestCommand.RunTestMethodInThreadAbortSafeZone(TestExecutionContext context, Action action)\r\n--AssertionException\r\n   at NUnit.Framework.Assert.ReportFailure(String message)\r\n   at NUnit.Framework.Assert.ReportFailure(ConstraintResult result, String message, Object[] args)\r\n   at NUnit.Framework.Assert.That[TActual](TActual actual, IResolveConstraint expression, String message, Object[] args)\r\n   at NUnit.Framework.Assert.IsTrue(Boolean condition, String message, Object[] args)\r\n   at PortalIDSFTestes.metodos.Utils.EnviarArquivo(String locator, String caminhoArquivo, String passo) in D:\\Azure\\Agent\\zportal-idsf-hmg\\_work\\19\\s\\PortalIDSFTestes\\metodos\\Utils.cs:line 418","flaky":false,"newFailed":false,"newBroken":false,"newPassed":false,"retriesCount":0,"retriesStatusChange":false,"beforeStages":[{"name":"Setup","time":{"start":1764166264150,"stop":1764166267587,"duration":3437},"status":"passed","steps":[{"name":"Escrever - no passo: \"Inserir Email para Login\"","time":{"start":1764166265692,"stop":1764166265750,"duration":58},"status":"passed","steps":[],"attachments":[],"parameters":[{"name":"locator","value":"\"#email\""},{"name":"texto","value":"\"qazitec01@gmail.com\""},{"name":"passo","value":"\"Inserir Email para Login\""}],"shouldDisplayMessage":false,"attachmentsCount":0,"stepsCount":0,"hasContent":true,"attachmentStep":false},{"name":"Escrever - no passo: \"Inserir Senha para Login\"","time":{"start":1764166265750,"stop":1764166265781,"duration":31},"status":"passed","steps":[],"attachments":[],"parameters":[{"name":"locator","value":"\"#password\""},{"name":"texto","value":"\"Testeqa01?!\""},{"name":"passo","value":"\"Inserir Senha para Login\""}],"shouldDisplayMessage":false,"attachmentsCount":0,"stepsCount":0,"hasContent":true,"attachmentStep":false},{"name":"Clicar - no passo: \"Clicar no Botão Para Realizar Login\"","time":{"start":1764166265781,"stop":1764166265856,"duration":75},"status":"passed","steps":[],"attachments":[],"parameters":[{"name":"locator","value":"\"//button[text()='Entrar']\""},{"name":"passo","value":"\"Clicar no Botão Para Realizar Login\""}],"shouldDisplayMessage":false,"attachmentsCount":0,"stepsCount":0,"hasContent":true,"attachmentStep":false},{"name":"Clicar - no passo: \"Clicar em operações menu hamburguer\"","time":{"start":1764166265856,"stop":1764166266942,"duration":1086},"status":"passed","steps":[],"attachments":[],"parameters":[{"name":"locator","value":"\"(//p[text()='Operações'])[2]\""},{"name":"passo","value":"\"Clicar em operações menu hamburguer\""}],"shouldDisplayMessage":false,"attachmentsCount":0,"stepsCount":0,"hasContent":true,"attachmentStep":false},{"name":"Clicar - no passo: \"Clicar em Operações para acessar a página\"","time":{"start":1764166266942,"stop":1764166267077,"duration":135},"status":"passed","steps":[],"attachments":[],"parameters":[{"name":"locator","value":"\"//a[@href='/Operacoes/Operacoes2.0.aspx']\""},{"name":"passo","value":"\"Clicar em Operações para acessar a página\""}],"shouldDisplayMessage":false,"attachmentsCount":0,"stepsCount":0,"hasContent":true,"attachmentStep":false}],"attachments":[],"parameters":[],"shouldDisplayMessage":false,"attachmentsCount":0,"stepsCount":5,"hasContent":true,"attachmentStep":false}],"testStage":{"status":"broken","statusMessage":"System.Exception : ❌ Erro ao enviar o arquivo no passo 'Enviar Arquivo CSV no Input':   ❌ Arquivo para envio não encontrado: \r\n  Expected: True\r\n  But was:  False\r\n\r\n  ----> NUnit.Framework.AssertionException :   ❌ Arquivo para envio não encontrado: \r\n  Expected: True\r\n  But was:  False\r\n\r\n\r\n  1)   ❌ Arquivo para envio não encontrado: \r\n  Expected: True\r\n  But was:  False\r\n\r\n","statusTrace":"   at PortalIDSFTestes.metodos.Utils.EnviarArquivo(String locator, String caminhoArquivo, String passo) in D:\\Azure\\Agent\\zportal-idsf-hmg\\_work\\19\\s\\PortalIDSFTestes\\metodos\\Utils.cs:line 425\r\n   at Allure.Net.Commons.Steps.AllureAbstractStepAspect.WrapAsync(Func`2 target, Object[] args, MethodBase metadata, Lazy`1 stepName, Lazy`1 stepParameters)\r\n   at PortalIDSFTestes.pages.operacoes.OperacoesPage.EnviarOperacaoCSV() in D:\\Azure\\Agent\\zportal-idsf-hmg\\_work\\19\\s\\PortalIDSFTestes\\pages\\operacoes\\OperacoesPage.cs:line 100\r\n   at PortalIDSFTestes.testes.operacoes.OperacoesTest.Deve_Enviar_Uma_Operacao_CSV() in D:\\Azure\\Agent\\zportal-idsf-hmg\\_work\\19\\s\\PortalIDSFTestes\\testes\\operacoes\\OperacoesTest.cs:line 90\r\n   at NUnit.Framework.Internal.TaskAwaitAdapter.GenericAdapter`1.BlockUntilCompleted()\r\n   at NUnit.Framework.Internal.MessagePumpStrategy.NoMessagePumpStrategy.WaitForCompletion(AwaitAdapter awaiter)\r\n   at NUnit.Framework.Internal.AsyncToSyncAdapter.Await(Func`1 invoke)\r\n   at NUnit.Framework.Internal.Commands.TestMethodCommand.RunTestMethod(TestExecutionContext context)\r\n   at NUnit.Framework.Internal.Commands.TestMethodCommand.Execute(TestExecutionContext context)\r\n   at NUnit.Framework.Internal.Commands.BeforeAndAfterTestCommand.<>c__DisplayClass1_0.<Execute>b__0()\r\n   at NUnit.Framework.Internal.Commands.DelegatingTestCommand.RunTestMethodInThreadAbortSafeZone(TestExecutionContext context, Action action)\r\n--AssertionException\r\n   at NUnit.Framework.Assert.ReportFailure(String message)\r\n   at NUnit.Framework.Assert.ReportFailure(ConstraintResult result, String message, Object[] args)\r\n   at NUnit.Framework.Assert.That[TActual](TActual actual, IResolveConstraint expression, String message, Object[] args)\r\n   at NUnit.Framework.Assert.IsTrue(Boolean condition, String message, Object[] args)\r\n   at PortalIDSFTestes.metodos.Utils.EnviarArquivo(String locator, String caminhoArquivo, String passo) in D:\\Azure\\Agent\\zportal-idsf-hmg\\_work\\19\\s\\PortalIDSFTestes\\metodos\\Utils.cs:line 418","steps":[{"name":"Clicar - no passo: \"Clicar no botão para enviar uma Nova Operação CSV\"","time":{"start":1764166267589,"stop":1764166276053,"duration":8464},"status":"passed","steps":[],"attachments":[],"parameters":[{"name":"locator","value":"\"//button//span[text()='Nova Operação - CSV']\""},{"name":"passo","value":"\"Clicar no botão para enviar uma Nova Operação CSV\""}],"shouldDisplayMessage":false,"attachmentsCount":0,"stepsCount":0,"hasContent":true,"attachmentStep":false},{"name":"Clicar no seletor - no passo: \"Selecionar Fundo Zitec Tecnologia LTDA\"","time":{"start":1764166276053,"stop":1764166276317,"duration":264},"status":"passed","steps":[],"attachments":[],"parameters":[{"name":"locator","value":"\"#selectFundoCsv\""},{"name":"option","value":"\"54638076000176\""},{"name":"passo","value":"\"Selecionar Fundo Zitec Tecnologia LTDA\""}],"shouldDisplayMessage":false,"attachmentsCount":0,"stepsCount":0,"hasContent":true,"attachmentStep":false},{"name":"Modificar CSV - no passo: {passo}","time":{"start":1764166276318,"stop":1764166276319,"duration":1},"status":"passed","steps":[],"attachments":[],"parameters":[{"name":"caminhoEntrada","value":"\"C:\\\\TempQA\\\\Arquivos\\\\TesteOperacaoCSV.csv\""},{"name":"pastaSaida","value":"\"C:\\\\TempQA\\\\Arquivos\\\\\""}],"shouldDisplayMessage":false,"attachmentsCount":0,"stepsCount":0,"hasContent":true,"attachmentStep":false},{"name":"Enviar arquivo - no passo: \"Enviar Arquivo CSV no Input\"","time":{"start":1764166276319,"stop":1764166276320,"duration":1},"status":"broken","statusMessage":"❌ Erro ao enviar o arquivo no passo 'Enviar Arquivo CSV no Input':   ❌ Arquivo para envio não encontrado: \r\n  Expected: True\r\n  But was:  False\r\n","statusTrace":"System.Exception: ❌ Erro ao enviar o arquivo no passo 'Enviar Arquivo CSV no Input':   ❌ Arquivo para envio não encontrado: \r\n  Expected: True\r\n  But was:  False\r\n\r\n ---> NUnit.Framework.AssertionException:   ❌ Arquivo para envio não encontrado: \r\n  Expected: True\r\n  But was:  False\r\n\r\n   at NUnit.Framework.Assert.ReportFailure(String message)\r\n   at NUnit.Framework.Assert.ReportFailure(ConstraintResult result, String message, Object[] args)\r\n   at NUnit.Framework.Assert.That[TActual](TActual actual, IResolveConstraint expression, String message, Object[] args)\r\n   at NUnit.Framework.Assert.IsTrue(Boolean condition, String message, Object[] args)\r\n   at PortalIDSFTestes.metodos.Utils.EnviarArquivo(String locator, String caminhoArquivo, String passo) in D:\\Azure\\Agent\\zportal-idsf-hmg\\_work\\19\\s\\PortalIDSFTestes\\metodos\\Utils.cs:line 418\r\n   --- End of inner exception stack trace ---\r\n   at PortalIDSFTestes.metodos.Utils.EnviarArquivo(String locator, String caminhoArquivo, String passo) in D:\\Azure\\Agent\\zportal-idsf-hmg\\_work\\19\\s\\PortalIDSFTestes\\metodos\\Utils.cs:line 425\r\n   at Allure.Net.Commons.Steps.AllureAbstractStepAspect.WrapAsync(Func`2 target, Object[] args, MethodBase metadata, Lazy`1 stepName, Lazy`1 stepParameters)","steps":[],"attachments":[],"parameters":[{"name":"locator","value":"\"#fileEnviarOperacoesCsv\""},{"name":"caminhoArquivo","value":"\"\""},{"name":"passo","value":"\"Enviar Arquivo CSV no Input\""}],"shouldDisplayMessage":true,"attachmentsCount":0,"stepsCount":0,"hasContent":true,"attachmentStep":false}],"attachments":[{"uid":"1e11f04b35fb7d29","name":"Console Output","source":"1e11f04b35fb7d29.txt","type":"text/plain","size":167}],"parameters":[],"shouldDisplayMessage":true,"attachmentsCount":1,"stepsCount":4,"hasContent":true,"attachmentStep":false},"afterStages":[{"name":"TearDown","time":{"start":1764166276321,"stop":1764166277133,"duration":812},"status":"passed","steps":[],"attachments":[{"uid":"4006a6300d9df9d2","name":"Video - Failed","source":"4006a6300d9df9d2.webm","type":"video/mp4","size":944858}],"parameters":[],"shouldDisplayMessage":false,"attachmentsCount":1,"stepsCount":0,"hasContent":true,"attachmentStep":false}],"labels":[{"name":"thread","value":"ParallelWorker#7"},{"name":"host","value":"EC2AMAZ-K8U3TFB"},{"name":"language","value":"C#"},{"name":"framework","value":"NUnit"},{"name":"package","value":"PortalIDSFTestes.testes.operacoes.OperacoesTest"},{"name":"testMethod","value":"Deve_Enviar_Uma_Operacao_CSV"},{"name":"testClass","value":"OperacoesTest"},{"name":"suite","value":"OperacoesTest UI"},{"name":"owner","value":"Levi"},{"name":"tag","value":"Suíte: Operações"},{"name":"tag","value":"Criticidade: Crítica"},{"name":"tag","value":"Regressivos"},{"name":"resultFormat","value":"allure2"}],"parameters":[],"links":[],"hidden":false,"retry":false,"extra":{"severity":"normal","owner":"Levi","retries":[],"categories":[{"name":"Test defects","matchedStatuses":[],"flaky":false}],"tags":["Suíte: Operações","Criticidade: Crítica","Regressivos"]},"source":"a5a7ba34138e7517.json","parameterValues":[]}