{"uid":"a7518ef900293bcc","name":"Deve Conter Quantidade Total Correta De Ativos","fullName":"PortalIDSFTestes:PortalIDSFTestes.testes.operacoes.AtivosTest.Deve_Conter_Quantidade_Total_Correta_De_Ativos()","historyId":"6a0caaddf159cd133b979f30ef8f1baf","time":{"start":1766496064824,"stop":1766496163203,"duration":98379},"status":"broken","statusMessage":"Microsoft.Playwright.PlaywrightException : Não foi possivel Clicar no Elemento: //button[text()='Entrar'] no passo: Clicar no Botão Para Realizar LoginDetalhes Locator expected to be visible \nCall log:\n  - Expect \"ToBeVisibleAsync\" with timeout 90000ms\n  - waiting for Locator(\"//button[text()='Entrar']\")","statusTrace":"   at PortalIDSFTestes.metodos.Utils.Clicar(String locator, String passo) in D:\\Azure\\Agent\\zportal-idsf-hmg\\_work\\19\\s\\PortalIDSFTestes\\metodos\\Utils.cs:line 74\r\n   at Allure.Net.Commons.Steps.AllureAbstractStepAspect.WrapAsync(Func`2 target, Object[] args, MethodBase metadata, Lazy`1 stepName, Lazy`1 stepParameters)\r\n   at PortalIDSFTestes.pages.login.LoginPage.LogarInterno() in D:\\Azure\\Agent\\zportal-idsf-hmg\\_work\\19\\s\\PortalIDSFTestes\\pages\\login\\LoginPage.cs:line 47\r\n   at PortalIDSFTestes.testes.operacoes.AtivosTest.Setup() in D:\\Azure\\Agent\\zportal-idsf-hmg\\_work\\19\\s\\PortalIDSFTestes\\testes\\operacoes\\AtivosTest.cs:line 31\r\n   at Allure.Net.Commons.Steps.AllureAbstractStepAspect.WrapAsync(Func`2 target, Object[] args, MethodBase metadata, Lazy`1 stepName, Lazy`1 stepParameters)\r\n   at NUnit.Framework.Internal.TaskAwaitAdapter.GenericAdapter`1.BlockUntilCompleted()\r\n   at NUnit.Framework.Internal.MessagePumpStrategy.NoMessagePumpStrategy.WaitForCompletion(AwaitAdapter awaiter)\r\n   at NUnit.Framework.Internal.AsyncToSyncAdapter.Await(Func`1 invoke)\r\n   at NUnit.Framework.Internal.Commands.SetUpTearDownItem.RunSetUpOrTearDownMethod(TestExecutionContext context, IMethodInfo method)\r\n   at NUnit.Framework.Internal.Commands.SetUpTearDownItem.RunSetUp(TestExecutionContext context)\r\n   at NUnit.Framework.Internal.Commands.SetUpTearDownCommand.<>c__DisplayClass0_0.<.ctor>b__0(TestExecutionContext context)\r\n   at NUnit.Framework.Internal.Commands.BeforeAndAfterTestCommand.<>c__DisplayClass1_0.<Execute>b__0()\r\n   at NUnit.Framework.Internal.Commands.DelegatingTestCommand.RunTestMethodInThreadAbortSafeZone(TestExecutionContext context, Action action)","flaky":false,"newFailed":false,"newBroken":false,"newPassed":false,"retriesCount":0,"retriesStatusChange":false,"beforeStages":[{"name":"Setup","time":{"start":1766496064824,"stop":1766496161768,"duration":96944},"status":"broken","statusMessage":"Não foi possivel Clicar no Elemento: //button[text()='Entrar'] no passo: Clicar no Botão Para Realizar LoginDetalhes Locator expected to be visible \nCall log:\n  - Expect \"ToBeVisibleAsync\" with timeout 90000ms\n  - waiting for Locator(\"//button[text()='Entrar']\")","statusTrace":"Microsoft.Playwright.PlaywrightException: Não foi possivel Clicar no Elemento: //button[text()='Entrar'] no passo: Clicar no Botão Para Realizar LoginDetalhes Locator expected to be visible \nCall log:\n  - Expect \"ToBeVisibleAsync\" with timeout 90000ms\n  - waiting for Locator(\"//button[text()='Entrar']\")\r\n   at PortalIDSFTestes.metodos.Utils.Clicar(String locator, String passo) in D:\\Azure\\Agent\\zportal-idsf-hmg\\_work\\19\\s\\PortalIDSFTestes\\metodos\\Utils.cs:line 74\r\n   at Allure.Net.Commons.Steps.AllureAbstractStepAspect.WrapAsync(Func`2 target, Object[] args, MethodBase metadata, Lazy`1 stepName, Lazy`1 stepParameters)\r\n   at PortalIDSFTestes.pages.login.LoginPage.LogarInterno() in D:\\Azure\\Agent\\zportal-idsf-hmg\\_work\\19\\s\\PortalIDSFTestes\\pages\\login\\LoginPage.cs:line 47\r\n   at PortalIDSFTestes.testes.operacoes.AtivosTest.Setup() in D:\\Azure\\Agent\\zportal-idsf-hmg\\_work\\19\\s\\PortalIDSFTestes\\testes\\operacoes\\AtivosTest.cs:line 31\r\n   at Allure.Net.Commons.Steps.AllureAbstractStepAspect.WrapAsync(Func`2 target, Object[] args, MethodBase metadata, Lazy`1 stepName, Lazy`1 stepParameters)","steps":[{"name":"Clicar - no passo: \"Clicar no Botão Para Realizar Login\"","time":{"start":1766496071062,"stop":1766496161767,"duration":90705},"status":"broken","statusMessage":"Não foi possivel Clicar no Elemento: //button[text()='Entrar'] no passo: Clicar no Botão Para Realizar LoginDetalhes Locator expected to be visible \nCall log:\n  - Expect \"ToBeVisibleAsync\" with timeout 90000ms\n  - waiting for Locator(\"//button[text()='Entrar']\")","statusTrace":"Microsoft.Playwright.PlaywrightException: Não foi possivel Clicar no Elemento: //button[text()='Entrar'] no passo: Clicar no Botão Para Realizar LoginDetalhes Locator expected to be visible \nCall log:\n  - Expect \"ToBeVisibleAsync\" with timeout 90000ms\n  - waiting for Locator(\"//button[text()='Entrar']\")\r\n   at PortalIDSFTestes.metodos.Utils.Clicar(String locator, String passo) in D:\\Azure\\Agent\\zportal-idsf-hmg\\_work\\19\\s\\PortalIDSFTestes\\metodos\\Utils.cs:line 74\r\n   at Allure.Net.Commons.Steps.AllureAbstractStepAspect.WrapAsync(Func`2 target, Object[] args, MethodBase metadata, Lazy`1 stepName, Lazy`1 stepParameters)","steps":[],"attachments":[],"parameters":[{"name":"locator","value":"\"//button[text()='Entrar']\""},{"name":"passo","value":"\"Clicar no Botão Para Realizar Login\""}],"attachmentStep":false,"stepsCount":0,"hasContent":true,"shouldDisplayMessage":true,"attachmentsCount":0}],"attachments":[],"parameters":[],"attachmentStep":false,"stepsCount":1,"hasContent":true,"shouldDisplayMessage":false,"attachmentsCount":0}],"testStage":{"status":"broken","statusMessage":"Microsoft.Playwright.PlaywrightException : Não foi possivel Clicar no Elemento: //button[text()='Entrar'] no passo: Clicar no Botão Para Realizar LoginDetalhes Locator expected to be visible \nCall log:\n  - Expect \"ToBeVisibleAsync\" with timeout 90000ms\n  - waiting for Locator(\"//button[text()='Entrar']\")","statusTrace":"   at PortalIDSFTestes.metodos.Utils.Clicar(String locator, String passo) in D:\\Azure\\Agent\\zportal-idsf-hmg\\_work\\19\\s\\PortalIDSFTestes\\metodos\\Utils.cs:line 74\r\n   at Allure.Net.Commons.Steps.AllureAbstractStepAspect.WrapAsync(Func`2 target, Object[] args, MethodBase metadata, Lazy`1 stepName, Lazy`1 stepParameters)\r\n   at PortalIDSFTestes.pages.login.LoginPage.LogarInterno() in D:\\Azure\\Agent\\zportal-idsf-hmg\\_work\\19\\s\\PortalIDSFTestes\\pages\\login\\LoginPage.cs:line 47\r\n   at PortalIDSFTestes.testes.operacoes.AtivosTest.Setup() in D:\\Azure\\Agent\\zportal-idsf-hmg\\_work\\19\\s\\PortalIDSFTestes\\testes\\operacoes\\AtivosTest.cs:line 31\r\n   at Allure.Net.Commons.Steps.AllureAbstractStepAspect.WrapAsync(Func`2 target, Object[] args, MethodBase metadata, Lazy`1 stepName, Lazy`1 stepParameters)\r\n   at NUnit.Framework.Internal.TaskAwaitAdapter.GenericAdapter`1.BlockUntilCompleted()\r\n   at NUnit.Framework.Internal.MessagePumpStrategy.NoMessagePumpStrategy.WaitForCompletion(AwaitAdapter awaiter)\r\n   at NUnit.Framework.Internal.AsyncToSyncAdapter.Await(Func`1 invoke)\r\n   at NUnit.Framework.Internal.Commands.SetUpTearDownItem.RunSetUpOrTearDownMethod(TestExecutionContext context, IMethodInfo method)\r\n   at NUnit.Framework.Internal.Commands.SetUpTearDownItem.RunSetUp(TestExecutionContext context)\r\n   at NUnit.Framework.Internal.Commands.SetUpTearDownCommand.<>c__DisplayClass0_0.<.ctor>b__0(TestExecutionContext context)\r\n   at NUnit.Framework.Internal.Commands.BeforeAndAfterTestCommand.<>c__DisplayClass1_0.<Execute>b__0()\r\n   at NUnit.Framework.Internal.Commands.DelegatingTestCommand.RunTestMethodInThreadAbortSafeZone(TestExecutionContext context, Action action)","steps":[],"attachments":[{"uid":"aaffe03de851097f","name":"Console Output","source":"aaffe03de851097f.txt","type":"text/plain","size":153}],"parameters":[],"attachmentStep":false,"stepsCount":0,"hasContent":true,"shouldDisplayMessage":true,"attachmentsCount":1},"afterStages":[{"name":"TearDown","time":{"start":1766496161768,"stop":1766496163203,"duration":1435},"status":"passed","steps":[],"attachments":[{"uid":"605a0faa578e8ef6","name":"Video - Failed","source":"605a0faa578e8ef6.webm","type":"video/mp4","size":1053540}],"parameters":[],"attachmentStep":false,"stepsCount":0,"hasContent":true,"shouldDisplayMessage":false,"attachmentsCount":1}],"labels":[{"name":"thread","value":"ParallelWorker#3"},{"name":"host","value":"EC2AMAZ-K8U3TFB"},{"name":"language","value":"C#"},{"name":"framework","value":"NUnit"},{"name":"package","value":"PortalIDSFTestes.testes.operacoes.AtivosTest"},{"name":"testMethod","value":"Deve_Conter_Quantidade_Total_Correta_De_Ativos"},{"name":"testClass","value":"AtivosTest"},{"name":"tag","value":"Regressivos"},{"name":"suite","value":"AtivosTest UI"},{"name":"owner","value":"Levi"},{"name":"tag","value":"Suíte: Ativos"},{"name":"tag","value":"Criticidade: Crítica"},{"name":"tag","value":"Regressivos"},{"name":"resultFormat","value":"allure2"}],"parameters":[],"links":[],"hidden":false,"retry":false,"extra":{"severity":"normal","owner":"Levi","retries":[],"categories":[{"name":"Test defects","matchedStatuses":[],"flaky":false}],"tags":["Suíte: Ativos","Criticidade: Crítica","Regressivos"]},"source":"a7518ef900293bcc.json","parameterValues":[]}