{"uid":"b0d4a0fed3562c1d","name":"Deve Cadastrar Cedente E Ativar Cedente","fullName":"PortalIDSFTestes:PortalIDSFTestes.testes.cedentes.CedentesTest.Deve_Cadastrar_Cedente_E_Ativar_Cedente()","historyId":"bf6df09d1bdf6fa9b80a31910c833a9a","time":{"start":1764624922683,"stop":1764624993614,"duration":70931},"status":"broken","statusMessage":"Microsoft.Playwright.PlaywrightException : ❌ Não foi possível encontrar/validar o elemento '//div[@class='toast toast-success']' no passo: 'Validar mensagem Ação realizada com sucesso presente na tela'. Detalhes: Timeout 30000ms exceeded.\nCall log:\n  - waiting for Locator(\"//div[@class='toast toast-success']\") to be visible","statusTrace":"   at PortalIDSFTestes.metodos.Utils.ValidarMsgRetornada(String locator, String passo) in D:\\Azure\\Agent\\zportal-idsf-hmg\\_work\\19\\s\\PortalIDSFTestes\\metodos\\Utils.cs:line 100\r\n   at Allure.Net.Commons.Steps.AllureAbstractStepAspect.WrapAsync(Func`2 target, Object[] args, MethodBase metadata, Lazy`1 stepName, Lazy`1 stepParameters)\r\n   at PortalIDSFTestes.pages.cedentes.CedentesPage.CadastrarCedente(String Cedente) in D:\\Azure\\Agent\\zportal-idsf-hmg\\_work\\19\\s\\PortalIDSFTestes\\pages\\cedentes\\CedentesPage.cs:line 51\r\n   at Allure.Net.Commons.Steps.AllureAbstractStepAspect.WrapAsync(Func`2 target, Object[] args, MethodBase metadata, Lazy`1 stepName, Lazy`1 stepParameters)\r\n   at PortalIDSFTestes.testes.cedentes.CedentesTest.Deve_Cadastrar_Cedente_E_Ativar_Cedente() in D:\\Azure\\Agent\\zportal-idsf-hmg\\_work\\19\\s\\PortalIDSFTestes\\testes\\cedentes\\CedentesTest.cs:line 69\r\n   at NUnit.Framework.Internal.TaskAwaitAdapter.GenericAdapter`1.BlockUntilCompleted()\r\n   at NUnit.Framework.Internal.MessagePumpStrategy.NoMessagePumpStrategy.WaitForCompletion(AwaitAdapter awaiter)\r\n   at NUnit.Framework.Internal.AsyncToSyncAdapter.Await(Func`1 invoke)\r\n   at NUnit.Framework.Internal.Commands.TestMethodCommand.RunTestMethod(TestExecutionContext context)\r\n   at NUnit.Framework.Internal.Commands.TestMethodCommand.Execute(TestExecutionContext context)\r\n   at NUnit.Framework.Internal.Commands.BeforeAndAfterTestCommand.<>c__DisplayClass1_0.<Execute>b__0()\r\n   at NUnit.Framework.Internal.Commands.DelegatingTestCommand.RunTestMethodInThreadAbortSafeZone(TestExecutionContext context, Action action)","flaky":false,"newFailed":false,"newBroken":false,"newPassed":false,"retriesCount":0,"retriesStatusChange":false,"beforeStages":[{"name":"Setup","time":{"start":1764624922683,"stop":1764624947192,"duration":24509},"status":"passed","steps":[{"name":"Escrever - no passo: \"Inserir Email para Login\"","time":{"start":1764624938955,"stop":1764624939262,"duration":307},"status":"passed","steps":[],"attachments":[],"parameters":[{"name":"locator","value":"\"#email\""},{"name":"texto","value":"\"qazitec01@gmail.com\""},{"name":"passo","value":"\"Inserir Email para Login\""}],"shouldDisplayMessage":false,"attachmentsCount":0,"stepsCount":0,"hasContent":true,"attachmentStep":false},{"name":"Escrever - no passo: \"Inserir Senha para Login\"","time":{"start":1764624939262,"stop":1764624939464,"duration":202},"status":"passed","steps":[],"attachments":[],"parameters":[{"name":"locator","value":"\"#password\""},{"name":"texto","value":"\"Testeqa01?!\""},{"name":"passo","value":"\"Inserir Senha para Login\""}],"shouldDisplayMessage":false,"attachmentsCount":0,"stepsCount":0,"hasContent":true,"attachmentStep":false},{"name":"Clicar - no passo: \"Clicar no Botão Para Realizar Login\"","time":{"start":1764624939464,"stop":1764624941919,"duration":2455},"status":"passed","steps":[],"attachments":[],"parameters":[{"name":"locator","value":"\"//button[text()='Entrar']\""},{"name":"passo","value":"\"Clicar no Botão Para Realizar Login\""}],"shouldDisplayMessage":false,"attachmentsCount":0,"stepsCount":0,"hasContent":true,"attachmentStep":false},{"name":"Clicar - no passo: \"Clicar na sessão cedentes no menú hamburguer\"","time":{"start":1764624941919,"stop":1764624946211,"duration":4292},"status":"passed","steps":[],"attachments":[],"parameters":[{"name":"locator","value":"\"(//a[@class='nav-link']//p[text()='Cedentes'])[1]\""},{"name":"passo","value":"\"Clicar na sessão cedentes no menú hamburguer\""}],"shouldDisplayMessage":false,"attachmentsCount":0,"stepsCount":0,"hasContent":true,"attachmentStep":false},{"name":"Clicar - no passo: \"Clicar na página cedentes\"","time":{"start":1764624946211,"stop":1764624946661,"duration":450},"status":"passed","steps":[],"attachments":[],"parameters":[{"name":"locator","value":"\"//a[@href='/Cedentes.aspx']\""},{"name":"passo","value":"\"Clicar na página cedentes\""}],"shouldDisplayMessage":false,"attachmentsCount":0,"stepsCount":0,"hasContent":true,"attachmentStep":false}],"attachments":[],"parameters":[],"shouldDisplayMessage":false,"attachmentsCount":0,"stepsCount":5,"hasContent":true,"attachmentStep":false}],"testStage":{"status":"broken","statusMessage":"Microsoft.Playwright.PlaywrightException : ❌ Não foi possível encontrar/validar o elemento '//div[@class='toast toast-success']' no passo: 'Validar mensagem Ação realizada com sucesso presente na tela'. Detalhes: Timeout 30000ms exceeded.\nCall log:\n  - waiting for Locator(\"//div[@class='toast toast-success']\") to be visible","statusTrace":"   at PortalIDSFTestes.metodos.Utils.ValidarMsgRetornada(String locator, String passo) in D:\\Azure\\Agent\\zportal-idsf-hmg\\_work\\19\\s\\PortalIDSFTestes\\metodos\\Utils.cs:line 100\r\n   at Allure.Net.Commons.Steps.AllureAbstractStepAspect.WrapAsync(Func`2 target, Object[] args, MethodBase metadata, Lazy`1 stepName, Lazy`1 stepParameters)\r\n   at PortalIDSFTestes.pages.cedentes.CedentesPage.CadastrarCedente(String Cedente) in D:\\Azure\\Agent\\zportal-idsf-hmg\\_work\\19\\s\\PortalIDSFTestes\\pages\\cedentes\\CedentesPage.cs:line 51\r\n   at Allure.Net.Commons.Steps.AllureAbstractStepAspect.WrapAsync(Func`2 target, Object[] args, MethodBase metadata, Lazy`1 stepName, Lazy`1 stepParameters)\r\n   at PortalIDSFTestes.testes.cedentes.CedentesTest.Deve_Cadastrar_Cedente_E_Ativar_Cedente() in D:\\Azure\\Agent\\zportal-idsf-hmg\\_work\\19\\s\\PortalIDSFTestes\\testes\\cedentes\\CedentesTest.cs:line 69\r\n   at NUnit.Framework.Internal.TaskAwaitAdapter.GenericAdapter`1.BlockUntilCompleted()\r\n   at NUnit.Framework.Internal.MessagePumpStrategy.NoMessagePumpStrategy.WaitForCompletion(AwaitAdapter awaiter)\r\n   at NUnit.Framework.Internal.AsyncToSyncAdapter.Await(Func`1 invoke)\r\n   at NUnit.Framework.Internal.Commands.TestMethodCommand.RunTestMethod(TestExecutionContext context)\r\n   at NUnit.Framework.Internal.Commands.TestMethodCommand.Execute(TestExecutionContext context)\r\n   at NUnit.Framework.Internal.Commands.BeforeAndAfterTestCommand.<>c__DisplayClass1_0.<Execute>b__0()\r\n   at NUnit.Framework.Internal.Commands.DelegatingTestCommand.RunTestMethodInThreadAbortSafeZone(TestExecutionContext context, Action action)","steps":[{"name":"Cadastrar Cedente","time":{"start":1764624947260,"stop":1764624978459,"duration":31199},"status":"broken","statusMessage":"❌ Não foi possível encontrar/validar o elemento '//div[@class='toast toast-success']' no passo: 'Validar mensagem Ação realizada com sucesso presente na tela'. Detalhes: Timeout 30000ms exceeded.\nCall log:\n  - waiting for Locator(\"//div[@class='toast toast-success']\") to be visible","statusTrace":"Microsoft.Playwright.PlaywrightException: ❌ Não foi possível encontrar/validar o elemento '//div[@class='toast toast-success']' no passo: 'Validar mensagem Ação realizada com sucesso presente na tela'. Detalhes: Timeout 30000ms exceeded.\nCall log:\n  - waiting for Locator(\"//div[@class='toast toast-success']\") to be visible\r\n   at PortalIDSFTestes.metodos.Utils.ValidarMsgRetornada(String locator, String passo) in D:\\Azure\\Agent\\zportal-idsf-hmg\\_work\\19\\s\\PortalIDSFTestes\\metodos\\Utils.cs:line 100\r\n   at Allure.Net.Commons.Steps.AllureAbstractStepAspect.WrapAsync(Func`2 target, Object[] args, MethodBase metadata, Lazy`1 stepName, Lazy`1 stepParameters)\r\n   at PortalIDSFTestes.pages.cedentes.CedentesPage.CadastrarCedente(String Cedente) in D:\\Azure\\Agent\\zportal-idsf-hmg\\_work\\19\\s\\PortalIDSFTestes\\pages\\cedentes\\CedentesPage.cs:line 51\r\n   at Allure.Net.Commons.Steps.AllureAbstractStepAspect.WrapAsync(Func`2 target, Object[] args, MethodBase metadata, Lazy`1 stepName, Lazy`1 stepParameters)","steps":[{"name":"Clicar - no passo: \"Clicar no botão para cadastrar novo Cedente.\"","time":{"start":1764624947265,"stop":1764624947955,"duration":690},"status":"passed","steps":[],"attachments":[],"parameters":[{"name":"locator","value":"\"#btonNovoCedente\""},{"name":"passo","value":"\"Clicar no botão para cadastrar novo Cedente.\""}],"shouldDisplayMessage":false,"attachmentsCount":0,"stepsCount":0,"hasContent":true,"attachmentStep":false},{"name":"Validar mensagem retornada - no passo: \"Validar mensagem Ação realizada com sucesso presente na tela\"","time":{"start":1764624948265,"stop":1764624978459,"duration":30194},"status":"broken","statusMessage":"❌ Não foi possível encontrar/validar o elemento '//div[@class='toast toast-success']' no passo: 'Validar mensagem Ação realizada com sucesso presente na tela'. Detalhes: Timeout 30000ms exceeded.\nCall log:\n  - waiting for Locator(\"//div[@class='toast toast-success']\") to be visible","statusTrace":"Microsoft.Playwright.PlaywrightException: ❌ Não foi possível encontrar/validar o elemento '//div[@class='toast toast-success']' no passo: 'Validar mensagem Ação realizada com sucesso presente na tela'. Detalhes: Timeout 30000ms exceeded.\nCall log:\n  - waiting for Locator(\"//div[@class='toast toast-success']\") to be visible\r\n   at PortalIDSFTestes.metodos.Utils.ValidarMsgRetornada(String locator, String passo) in D:\\Azure\\Agent\\zportal-idsf-hmg\\_work\\19\\s\\PortalIDSFTestes\\metodos\\Utils.cs:line 100\r\n   at Allure.Net.Commons.Steps.AllureAbstractStepAspect.WrapAsync(Func`2 target, Object[] args, MethodBase metadata, Lazy`1 stepName, Lazy`1 stepParameters)","steps":[],"attachments":[],"parameters":[{"name":"locator","value":"\"//div[@class='toast toast-success']\""},{"name":"passo","value":"\"Validar mensagem Ação realizada com sucesso presente na tela\""}],"shouldDisplayMessage":true,"attachmentsCount":0,"stepsCount":0,"hasContent":true,"attachmentStep":false}],"attachments":[],"parameters":[{"name":"Cedente","value":"\"52.721.175/0001-91\""}],"shouldDisplayMessage":false,"attachmentsCount":0,"stepsCount":2,"hasContent":true,"attachmentStep":false}],"attachments":[{"uid":"2700e3ccaadd1675","name":"Console Output","source":"2700e3ccaadd1675.txt","type":"text/plain","size":147}],"parameters":[],"shouldDisplayMessage":true,"attachmentsCount":1,"stepsCount":3,"hasContent":true,"attachmentStep":false},"afterStages":[{"name":"TearDown","time":{"start":1764624978481,"stop":1764624993611,"duration":15130},"status":"passed","steps":[],"attachments":[{"uid":"f6e6bb90a5952df6","name":"Video - Failed","source":"f6e6bb90a5952df6.webm","type":"video/mp4","size":2388747}],"parameters":[],"shouldDisplayMessage":false,"attachmentsCount":1,"stepsCount":0,"hasContent":true,"attachmentStep":false}],"labels":[{"name":"thread","value":"ParallelWorker#8"},{"name":"host","value":"EC2AMAZ-K8U3TFB"},{"name":"language","value":"C#"},{"name":"framework","value":"NUnit"},{"name":"package","value":"PortalIDSFTestes.testes.cedentes.CedentesTest"},{"name":"testMethod","value":"Deve_Cadastrar_Cedente_E_Ativar_Cedente"},{"name":"testClass","value":"CedentesTest"},{"name":"suite","value":"CedentesTest UI"},{"name":"owner","value":"Levi"},{"name":"tag","value":"Suíte: Cedentes"},{"name":"tag","value":"Criticidade: Crítica"},{"name":"tag","value":"Regressivos"},{"name":"resultFormat","value":"allure2"}],"parameters":[],"links":[],"hidden":false,"retry":false,"extra":{"severity":"normal","owner":"Levi","retries":[],"categories":[{"name":"Test defects","matchedStatuses":[],"flaky":false}],"tags":["Criticidade: Crítica","Regressivos","Suíte: Cedentes"]},"source":"b0d4a0fed3562c1d.json","parameterValues":[]}