{"uid":"e86059fe3e1d64b2","name":"Nao Deve Conter Acentos Quebrados Contas Escrow","fullName":"PortalIDSFTestes:PortalIDSFTestes.testes.bancoId.ContasEscrowTests.Nao_Deve_Conter_Acentos_Quebrados()","historyId":"e802daa53a5da79ba959627731545de1","time":{"start":1767014694069,"stop":1767014827494,"duration":133425},"status":"broken","statusMessage":"Microsoft.Playwright.PlaywrightException : Não foi possivel Clicar no Elemento: //button[text()='Entrar'] no passo: Clicar no Botão Para Realizar LoginDetalhes Locator expected to be visible \nCall log:\n  - Expect \"ToBeVisibleAsync\" with timeout 90000ms\n  - waiting for Locator(\"//button[text()='Entrar']\")","statusTrace":"   at PortalIDSFTestes.metodos.Utils.Clicar(String locator, String passo) in D:\\Azure\\Agent\\zportal-idsf-hmg\\_work\\19\\s\\PortalIDSFTestes\\metodos\\Utils.cs:line 74\r\n   at Allure.Net.Commons.Steps.AllureAbstractStepAspect.WrapAsync(Func`2 target, Object[] args, MethodBase metadata, Lazy`1 stepName, Lazy`1 stepParameters)\r\n   at PortalIDSFTestes.pages.login.LoginPage.LogarInterno() in D:\\Azure\\Agent\\zportal-idsf-hmg\\_work\\19\\s\\PortalIDSFTestes\\pages\\login\\LoginPage.cs:line 47\r\n   at PortalIDSFTestes.testes.bancoId.ContasEscrowTests.Setup() in D:\\Azure\\Agent\\zportal-idsf-hmg\\_work\\19\\s\\PortalIDSFTestes\\testes\\bancoId\\ContasEscrowTests.cs:line 32\r\n   at Allure.Net.Commons.Steps.AllureAbstractStepAspect.WrapAsync(Func`2 target, Object[] args, MethodBase metadata, Lazy`1 stepName, Lazy`1 stepParameters)\r\n   at NUnit.Framework.Internal.TaskAwaitAdapter.GenericAdapter`1.BlockUntilCompleted()\r\n   at NUnit.Framework.Internal.MessagePumpStrategy.NoMessagePumpStrategy.WaitForCompletion(AwaitAdapter awaiter)\r\n   at NUnit.Framework.Internal.AsyncToSyncAdapter.Await(Func`1 invoke)\r\n   at NUnit.Framework.Internal.Commands.SetUpTearDownItem.RunSetUpOrTearDownMethod(TestExecutionContext context, IMethodInfo method)\r\n   at NUnit.Framework.Internal.Commands.SetUpTearDownItem.RunSetUp(TestExecutionContext context)\r\n   at NUnit.Framework.Internal.Commands.SetUpTearDownCommand.<>c__DisplayClass0_0.<.ctor>b__0(TestExecutionContext context)\r\n   at NUnit.Framework.Internal.Commands.BeforeAndAfterTestCommand.<>c__DisplayClass1_0.<Execute>b__0()\r\n   at NUnit.Framework.Internal.Commands.DelegatingTestCommand.RunTestMethodInThreadAbortSafeZone(TestExecutionContext context, Action action)","flaky":false,"newFailed":false,"newBroken":false,"newPassed":false,"retriesCount":0,"retriesStatusChange":false,"beforeStages":[{"name":"Setup","time":{"start":1767014694080,"stop":1767014823926,"duration":129846},"status":"broken","statusMessage":"Não foi possivel Clicar no Elemento: //button[text()='Entrar'] no passo: Clicar no Botão Para Realizar LoginDetalhes Locator expected to be visible \nCall log:\n  - Expect \"ToBeVisibleAsync\" with timeout 90000ms\n  - waiting for Locator(\"//button[text()='Entrar']\")","statusTrace":"Microsoft.Playwright.PlaywrightException: Não foi possivel Clicar no Elemento: //button[text()='Entrar'] no passo: Clicar no Botão Para Realizar LoginDetalhes Locator expected to be visible \nCall log:\n  - Expect \"ToBeVisibleAsync\" with timeout 90000ms\n  - waiting for Locator(\"//button[text()='Entrar']\")\r\n   at PortalIDSFTestes.metodos.Utils.Clicar(String locator, String passo) in D:\\Azure\\Agent\\zportal-idsf-hmg\\_work\\19\\s\\PortalIDSFTestes\\metodos\\Utils.cs:line 74\r\n   at Allure.Net.Commons.Steps.AllureAbstractStepAspect.WrapAsync(Func`2 target, Object[] args, MethodBase metadata, Lazy`1 stepName, Lazy`1 stepParameters)\r\n   at PortalIDSFTestes.pages.login.LoginPage.LogarInterno() in D:\\Azure\\Agent\\zportal-idsf-hmg\\_work\\19\\s\\PortalIDSFTestes\\pages\\login\\LoginPage.cs:line 47\r\n   at PortalIDSFTestes.testes.bancoId.ContasEscrowTests.Setup() in D:\\Azure\\Agent\\zportal-idsf-hmg\\_work\\19\\s\\PortalIDSFTestes\\testes\\bancoId\\ContasEscrowTests.cs:line 32\r\n   at Allure.Net.Commons.Steps.AllureAbstractStepAspect.WrapAsync(Func`2 target, Object[] args, MethodBase metadata, Lazy`1 stepName, Lazy`1 stepParameters)","steps":[{"name":"Clicar - no passo: \"Clicar no Botão Para Realizar Login\"","time":{"start":1767014733919,"stop":1767014823926,"duration":90007},"status":"broken","statusMessage":"Não foi possivel Clicar no Elemento: //button[text()='Entrar'] no passo: Clicar no Botão Para Realizar LoginDetalhes Locator expected to be visible \nCall log:\n  - Expect \"ToBeVisibleAsync\" with timeout 90000ms\n  - waiting for Locator(\"//button[text()='Entrar']\")","statusTrace":"Microsoft.Playwright.PlaywrightException: Não foi possivel Clicar no Elemento: //button[text()='Entrar'] no passo: Clicar no Botão Para Realizar LoginDetalhes Locator expected to be visible \nCall log:\n  - Expect \"ToBeVisibleAsync\" with timeout 90000ms\n  - waiting for Locator(\"//button[text()='Entrar']\")\r\n   at PortalIDSFTestes.metodos.Utils.Clicar(String locator, String passo) in D:\\Azure\\Agent\\zportal-idsf-hmg\\_work\\19\\s\\PortalIDSFTestes\\metodos\\Utils.cs:line 74\r\n   at Allure.Net.Commons.Steps.AllureAbstractStepAspect.WrapAsync(Func`2 target, Object[] args, MethodBase metadata, Lazy`1 stepName, Lazy`1 stepParameters)","steps":[],"attachments":[],"parameters":[{"name":"locator","value":"\"//button[text()='Entrar']\""},{"name":"passo","value":"\"Clicar no Botão Para Realizar Login\""}],"attachmentStep":false,"hasContent":true,"stepsCount":0,"shouldDisplayMessage":true,"attachmentsCount":0}],"attachments":[],"parameters":[],"attachmentStep":false,"hasContent":true,"stepsCount":1,"shouldDisplayMessage":false,"attachmentsCount":0}],"testStage":{"status":"broken","statusMessage":"Microsoft.Playwright.PlaywrightException : Não foi possivel Clicar no Elemento: //button[text()='Entrar'] no passo: Clicar no Botão Para Realizar LoginDetalhes Locator expected to be visible \nCall log:\n  - Expect \"ToBeVisibleAsync\" with timeout 90000ms\n  - waiting for Locator(\"//button[text()='Entrar']\")","statusTrace":"   at PortalIDSFTestes.metodos.Utils.Clicar(String locator, String passo) in D:\\Azure\\Agent\\zportal-idsf-hmg\\_work\\19\\s\\PortalIDSFTestes\\metodos\\Utils.cs:line 74\r\n   at Allure.Net.Commons.Steps.AllureAbstractStepAspect.WrapAsync(Func`2 target, Object[] args, MethodBase metadata, Lazy`1 stepName, Lazy`1 stepParameters)\r\n   at PortalIDSFTestes.pages.login.LoginPage.LogarInterno() in D:\\Azure\\Agent\\zportal-idsf-hmg\\_work\\19\\s\\PortalIDSFTestes\\pages\\login\\LoginPage.cs:line 47\r\n   at PortalIDSFTestes.testes.bancoId.ContasEscrowTests.Setup() in D:\\Azure\\Agent\\zportal-idsf-hmg\\_work\\19\\s\\PortalIDSFTestes\\testes\\bancoId\\ContasEscrowTests.cs:line 32\r\n   at Allure.Net.Commons.Steps.AllureAbstractStepAspect.WrapAsync(Func`2 target, Object[] args, MethodBase metadata, Lazy`1 stepName, Lazy`1 stepParameters)\r\n   at NUnit.Framework.Internal.TaskAwaitAdapter.GenericAdapter`1.BlockUntilCompleted()\r\n   at NUnit.Framework.Internal.MessagePumpStrategy.NoMessagePumpStrategy.WaitForCompletion(AwaitAdapter awaiter)\r\n   at NUnit.Framework.Internal.AsyncToSyncAdapter.Await(Func`1 invoke)\r\n   at NUnit.Framework.Internal.Commands.SetUpTearDownItem.RunSetUpOrTearDownMethod(TestExecutionContext context, IMethodInfo method)\r\n   at NUnit.Framework.Internal.Commands.SetUpTearDownItem.RunSetUp(TestExecutionContext context)\r\n   at NUnit.Framework.Internal.Commands.SetUpTearDownCommand.<>c__DisplayClass0_0.<.ctor>b__0(TestExecutionContext context)\r\n   at NUnit.Framework.Internal.Commands.BeforeAndAfterTestCommand.<>c__DisplayClass1_0.<Execute>b__0()\r\n   at NUnit.Framework.Internal.Commands.DelegatingTestCommand.RunTestMethodInThreadAbortSafeZone(TestExecutionContext context, Action action)","steps":[],"attachments":[{"uid":"fafe89371789eb5a","name":"Console Output","source":"fafe89371789eb5a.txt","type":"text/plain","size":145}],"parameters":[],"attachmentStep":false,"hasContent":true,"stepsCount":0,"shouldDisplayMessage":true,"attachmentsCount":1},"afterStages":[{"name":"TearDown","time":{"start":1767014823927,"stop":1767014827494,"duration":3567},"status":"passed","steps":[],"attachments":[{"uid":"c006e543432c5f4f","name":"Video - Failed","source":"c006e543432c5f4f.webm","type":"video/mp4","size":1138671}],"parameters":[],"attachmentStep":false,"hasContent":true,"stepsCount":0,"shouldDisplayMessage":false,"attachmentsCount":1}],"labels":[{"name":"thread","value":"ParallelWorker#3"},{"name":"host","value":"EC2AMAZ-K8U3TFB"},{"name":"language","value":"C#"},{"name":"framework","value":"NUnit"},{"name":"package","value":"PortalIDSFTestes.testes.bancoId.ContasEscrowTests"},{"name":"testMethod","value":"Nao_Deve_Conter_Acentos_Quebrados"},{"name":"testClass","value":"ContasEscrowTests"},{"name":"suite","value":"ContasEscrowTests UI"},{"name":"owner","value":"Levi"},{"name":"tag","value":"Suíte: Contas Escrow"},{"name":"tag","value":"Criticidade: Crítica"},{"name":"tag","value":"Regressivos"},{"name":"resultFormat","value":"allure2"}],"parameters":[],"links":[],"hidden":false,"retry":false,"extra":{"severity":"normal","owner":"Levi","retries":[],"categories":[{"name":"Test defects","matchedStatuses":[],"flaky":false}],"tags":["Criticidade: Crítica","Suíte: Contas Escrow","Regressivos"]},"source":"e86059fe3e1d64b2.json","parameterValues":[]}