{"uid":"eeb5deaccd06fec0","name":"Deve Enviar Arquivo Baixa","fullName":"PortalIDSFTestes:PortalIDSFTestes.testes.operacoes.ArquivosBaixaTest.Deve_Enviar_Arquivo_Baixa()","historyId":"f151b58157f554877170fa2cb85f8ed9","time":{"start":1766498746776,"stop":1766498842997,"duration":96221},"status":"broken","statusMessage":"Microsoft.Playwright.PlaywrightException : Não foi possivel Clicar no Elemento: //button[text()='Entrar'] no passo: Clicar no Botão Para Realizar LoginDetalhes Locator expected to be visible \nCall log:\n  - Expect \"ToBeVisibleAsync\" with timeout 90000ms\n  - waiting for Locator(\"//button[text()='Entrar']\")","statusTrace":"   at PortalIDSFTestes.metodos.Utils.Clicar(String locator, String passo) in D:\\Azure\\Agent\\zportal-idsf-hmg\\_work\\19\\s\\PortalIDSFTestes\\metodos\\Utils.cs:line 74\r\n   at Allure.Net.Commons.Steps.AllureAbstractStepAspect.WrapAsync(Func`2 target, Object[] args, MethodBase metadata, Lazy`1 stepName, Lazy`1 stepParameters)\r\n   at PortalIDSFTestes.pages.login.LoginPage.LogarInterno() in D:\\Azure\\Agent\\zportal-idsf-hmg\\_work\\19\\s\\PortalIDSFTestes\\pages\\login\\LoginPage.cs:line 47\r\n   at PortalIDSFTestes.testes.operacoes.ArquivosBaixaTest.SetUp() in D:\\Azure\\Agent\\zportal-idsf-hmg\\_work\\19\\s\\PortalIDSFTestes\\testes\\operacoes\\ArquivosBaixaTest.cs:line 31\r\n   at Allure.Net.Commons.Steps.AllureAbstractStepAspect.WrapAsync(Func`2 target, Object[] args, MethodBase metadata, Lazy`1 stepName, Lazy`1 stepParameters)\r\n   at NUnit.Framework.Internal.TaskAwaitAdapter.GenericAdapter`1.BlockUntilCompleted()\r\n   at NUnit.Framework.Internal.MessagePumpStrategy.NoMessagePumpStrategy.WaitForCompletion(AwaitAdapter awaiter)\r\n   at NUnit.Framework.Internal.AsyncToSyncAdapter.Await(Func`1 invoke)\r\n   at NUnit.Framework.Internal.Commands.SetUpTearDownItem.RunSetUpOrTearDownMethod(TestExecutionContext context, IMethodInfo method)\r\n   at NUnit.Framework.Internal.Commands.SetUpTearDownItem.RunSetUp(TestExecutionContext context)\r\n   at NUnit.Framework.Internal.Commands.SetUpTearDownCommand.<>c__DisplayClass0_0.<.ctor>b__0(TestExecutionContext context)\r\n   at NUnit.Framework.Internal.Commands.BeforeAndAfterTestCommand.<>c__DisplayClass1_0.<Execute>b__0()\r\n   at NUnit.Framework.Internal.Commands.DelegatingTestCommand.RunTestMethodInThreadAbortSafeZone(TestExecutionContext context, Action action)","flaky":false,"newFailed":false,"newBroken":false,"newPassed":false,"retriesCount":0,"retriesStatusChange":false,"beforeStages":[{"name":"SetUp","time":{"start":1766498746777,"stop":1766498840572,"duration":93795},"status":"broken","statusMessage":"Não foi possivel Clicar no Elemento: //button[text()='Entrar'] no passo: Clicar no Botão Para Realizar LoginDetalhes Locator expected to be visible \nCall log:\n  - Expect \"ToBeVisibleAsync\" with timeout 90000ms\n  - waiting for Locator(\"//button[text()='Entrar']\")","statusTrace":"Microsoft.Playwright.PlaywrightException: Não foi possivel Clicar no Elemento: //button[text()='Entrar'] no passo: Clicar no Botão Para Realizar LoginDetalhes Locator expected to be visible \nCall log:\n  - Expect \"ToBeVisibleAsync\" with timeout 90000ms\n  - waiting for Locator(\"//button[text()='Entrar']\")\r\n   at PortalIDSFTestes.metodos.Utils.Clicar(String locator, String passo) in D:\\Azure\\Agent\\zportal-idsf-hmg\\_work\\19\\s\\PortalIDSFTestes\\metodos\\Utils.cs:line 74\r\n   at Allure.Net.Commons.Steps.AllureAbstractStepAspect.WrapAsync(Func`2 target, Object[] args, MethodBase metadata, Lazy`1 stepName, Lazy`1 stepParameters)\r\n   at PortalIDSFTestes.pages.login.LoginPage.LogarInterno() in D:\\Azure\\Agent\\zportal-idsf-hmg\\_work\\19\\s\\PortalIDSFTestes\\pages\\login\\LoginPage.cs:line 47\r\n   at PortalIDSFTestes.testes.operacoes.ArquivosBaixaTest.SetUp() in D:\\Azure\\Agent\\zportal-idsf-hmg\\_work\\19\\s\\PortalIDSFTestes\\testes\\operacoes\\ArquivosBaixaTest.cs:line 31\r\n   at Allure.Net.Commons.Steps.AllureAbstractStepAspect.WrapAsync(Func`2 target, Object[] args, MethodBase metadata, Lazy`1 stepName, Lazy`1 stepParameters)","steps":[{"name":"Clicar - no passo: \"Clicar no Botão Para Realizar Login\"","time":{"start":1766498750558,"stop":1766498840571,"duration":90013},"status":"broken","statusMessage":"Não foi possivel Clicar no Elemento: //button[text()='Entrar'] no passo: Clicar no Botão Para Realizar LoginDetalhes Locator expected to be visible \nCall log:\n  - Expect \"ToBeVisibleAsync\" with timeout 90000ms\n  - waiting for Locator(\"//button[text()='Entrar']\")","statusTrace":"Microsoft.Playwright.PlaywrightException: Não foi possivel Clicar no Elemento: //button[text()='Entrar'] no passo: Clicar no Botão Para Realizar LoginDetalhes Locator expected to be visible \nCall log:\n  - Expect \"ToBeVisibleAsync\" with timeout 90000ms\n  - waiting for Locator(\"//button[text()='Entrar']\")\r\n   at PortalIDSFTestes.metodos.Utils.Clicar(String locator, String passo) in D:\\Azure\\Agent\\zportal-idsf-hmg\\_work\\19\\s\\PortalIDSFTestes\\metodos\\Utils.cs:line 74\r\n   at Allure.Net.Commons.Steps.AllureAbstractStepAspect.WrapAsync(Func`2 target, Object[] args, MethodBase metadata, Lazy`1 stepName, Lazy`1 stepParameters)","steps":[],"attachments":[],"parameters":[{"name":"locator","value":"\"//button[text()='Entrar']\""},{"name":"passo","value":"\"Clicar no Botão Para Realizar Login\""}],"stepsCount":0,"attachmentStep":false,"hasContent":true,"shouldDisplayMessage":true,"attachmentsCount":0}],"attachments":[],"parameters":[],"stepsCount":1,"attachmentStep":false,"hasContent":true,"shouldDisplayMessage":false,"attachmentsCount":0}],"testStage":{"status":"broken","statusMessage":"Microsoft.Playwright.PlaywrightException : Não foi possivel Clicar no Elemento: //button[text()='Entrar'] no passo: Clicar no Botão Para Realizar LoginDetalhes Locator expected to be visible \nCall log:\n  - Expect \"ToBeVisibleAsync\" with timeout 90000ms\n  - waiting for Locator(\"//button[text()='Entrar']\")","statusTrace":"   at PortalIDSFTestes.metodos.Utils.Clicar(String locator, String passo) in D:\\Azure\\Agent\\zportal-idsf-hmg\\_work\\19\\s\\PortalIDSFTestes\\metodos\\Utils.cs:line 74\r\n   at Allure.Net.Commons.Steps.AllureAbstractStepAspect.WrapAsync(Func`2 target, Object[] args, MethodBase metadata, Lazy`1 stepName, Lazy`1 stepParameters)\r\n   at PortalIDSFTestes.pages.login.LoginPage.LogarInterno() in D:\\Azure\\Agent\\zportal-idsf-hmg\\_work\\19\\s\\PortalIDSFTestes\\pages\\login\\LoginPage.cs:line 47\r\n   at PortalIDSFTestes.testes.operacoes.ArquivosBaixaTest.SetUp() in D:\\Azure\\Agent\\zportal-idsf-hmg\\_work\\19\\s\\PortalIDSFTestes\\testes\\operacoes\\ArquivosBaixaTest.cs:line 31\r\n   at Allure.Net.Commons.Steps.AllureAbstractStepAspect.WrapAsync(Func`2 target, Object[] args, MethodBase metadata, Lazy`1 stepName, Lazy`1 stepParameters)\r\n   at NUnit.Framework.Internal.TaskAwaitAdapter.GenericAdapter`1.BlockUntilCompleted()\r\n   at NUnit.Framework.Internal.MessagePumpStrategy.NoMessagePumpStrategy.WaitForCompletion(AwaitAdapter awaiter)\r\n   at NUnit.Framework.Internal.AsyncToSyncAdapter.Await(Func`1 invoke)\r\n   at NUnit.Framework.Internal.Commands.SetUpTearDownItem.RunSetUpOrTearDownMethod(TestExecutionContext context, IMethodInfo method)\r\n   at NUnit.Framework.Internal.Commands.SetUpTearDownItem.RunSetUp(TestExecutionContext context)\r\n   at NUnit.Framework.Internal.Commands.SetUpTearDownCommand.<>c__DisplayClass0_0.<.ctor>b__0(TestExecutionContext context)\r\n   at NUnit.Framework.Internal.Commands.BeforeAndAfterTestCommand.<>c__DisplayClass1_0.<Execute>b__0()\r\n   at NUnit.Framework.Internal.Commands.DelegatingTestCommand.RunTestMethodInThreadAbortSafeZone(TestExecutionContext context, Action action)","steps":[],"attachments":[{"uid":"e94e0bc31ad1d893","name":"Console Output","source":"e94e0bc31ad1d893.txt","type":"text/plain","size":139}],"parameters":[],"stepsCount":0,"attachmentStep":false,"hasContent":true,"shouldDisplayMessage":true,"attachmentsCount":1},"afterStages":[{"name":"TearDown","time":{"start":1766498840572,"stop":1766498842996,"duration":2424},"status":"passed","steps":[],"attachments":[{"uid":"65039dad1707d695","name":"Video - Failed","source":"65039dad1707d695.webm","type":"video/mp4","size":1041819}],"parameters":[],"stepsCount":0,"attachmentStep":false,"hasContent":true,"shouldDisplayMessage":false,"attachmentsCount":1}],"labels":[{"name":"thread","value":"ParallelWorker#4"},{"name":"host","value":"EC2AMAZ-K8U3TFB"},{"name":"language","value":"C#"},{"name":"framework","value":"NUnit"},{"name":"package","value":"PortalIDSFTestes.testes.operacoes.ArquivosBaixaTest"},{"name":"testMethod","value":"Deve_Enviar_Arquivo_Baixa"},{"name":"testClass","value":"ArquivosBaixaTest"},{"name":"suite","value":"ArquivosBaixaTest UI"},{"name":"owner","value":"Levi"},{"name":"tag","value":"Suíte: Arquivos Baixa"},{"name":"tag","value":"Criticidade: Crítica"},{"name":"tag","value":"Regressivos"},{"name":"resultFormat","value":"allure2"}],"parameters":[],"links":[],"hidden":false,"retry":false,"extra":{"severity":"normal","owner":"Levi","retries":[],"categories":[{"name":"Test defects","matchedStatuses":[],"flaky":false}],"tags":["Criticidade: Crítica","Regressivos","Suíte: Arquivos Baixa"]},"source":"eeb5deaccd06fec0.json","parameterValues":[]}